<?xml version="1.0" encoding="UTF-8"?>
<testsuite xmlns:xsi="http://www.w3.org/2001/XMLSchema-instance" xsi:noNamespaceSchemaLocation="https://maven.apache.org/surefire/maven-surefire-plugin/xsd/surefire-test-report.xsd" name="com.taoyuanx.test.SpringJunitTest" time="0.067" tests="1" errors="0" skipped="0" failures="0">
  <properties>
    <property name="sun.desktop" value="windows"/>
    <property name="awt.toolkit" value="sun.awt.windows.WToolkit"/>
    <property name="file.encoding.pkg" value="sun.io"/>
    <property name="java.specification.version" value="1.8"/>
    <property name="sun.cpu.isalist" value="amd64"/>
    <property name="sun.jnu.encoding" value="GBK"/>
    <property name="java.class.path" value="E:\intellDEA\PKI\web\target\test-classes;E:\intellDEA\PKI\web\target\classes;D:\ProgramFile\maven\babasportMaven\repository\com\github\pagehelper\pagehelper\4.1.2\pagehelper-4.1.2.jar;D:\ProgramFile\maven\babasportMaven\repository\com\github\jsqlparser\jsqlparser\0.9.4\jsqlparser-0.9.4.jar;D:\ProgramFile\maven\babasportMaven\repository\org\springframework\boot\spring-boot-starter-web\1.5.12.RELEASE\spring-boot-starter-web-1.5.12.RELEASE.jar;D:\ProgramFile\maven\babasportMaven\repository\org\springframework\boot\spring-boot-starter\1.5.12.RELEASE\spring-boot-starter-1.5.12.RELEASE.jar;D:\ProgramFile\maven\babasportMaven\repository\org\yaml\snakeyaml\1.17\snakeyaml-1.17.jar;D:\ProgramFile\maven\babasportMaven\repository\org\springframework\boot\spring-boot-starter-tomcat\1.5.12.RELEASE\spring-boot-starter-tomcat-1.5.12.RELEASE.jar;D:\ProgramFile\maven\babasportMaven\repository\org\apache\tomcat\embed\tomcat-embed-core\8.5.29\tomcat-embed-core-8.5.29.jar;D:\ProgramFile\maven\babasportMaven\repository\org\apache\tomcat\tomcat-annotations-api\8.5.29\tomcat-annotations-api-8.5.29.jar;D:\ProgramFile\maven\babasportMaven\repository\org\apache\tomcat\embed\tomcat-embed-el\8.5.29\tomcat-embed-el-8.5.29.jar;D:\ProgramFile\maven\babasportMaven\repository\org\apache\tomcat\embed\tomcat-embed-websocket\8.5.29\tomcat-embed-websocket-8.5.29.jar;D:\ProgramFile\maven\babasportMaven\repository\org\hibernate\hibernate-validator\5.3.6.Final\hibernate-validator-5.3.6.Final.jar;D:\ProgramFile\maven\babasportMaven\repository\javax\validation\validation-api\1.1.0.Final\validation-api-1.1.0.Final.jar;D:\ProgramFile\maven\babasportMaven\repository\org\jboss\logging\jboss-logging\3.3.2.Final\jboss-logging-3.3.2.Final.jar;D:\ProgramFile\maven\babasportMaven\repository\com\fasterxml\classmate\1.3.4\classmate-1.3.4.jar;D:\ProgramFile\maven\babasportMaven\repository\com\fasterxml\jackson\core\jackson-databind\2.8.11.1\jackson-databind-2.8.11.1.jar;D:\ProgramFile\maven\babasportMaven\repository\com\fasterxml\jackson\core\jackson-annotations\2.8.0\jackson-annotations-2.8.0.jar;D:\ProgramFile\maven\babasportMaven\repository\com\fasterxml\jackson\core\jackson-core\2.8.11\jackson-core-2.8.11.jar;D:\ProgramFile\maven\babasportMaven\repository\org\springframework\spring-web\4.3.16.RELEASE\spring-web-4.3.16.RELEASE.jar;D:\ProgramFile\maven\babasportMaven\repository\org\springframework\spring-aop\4.3.16.RELEASE\spring-aop-4.3.16.RELEASE.jar;D:\ProgramFile\maven\babasportMaven\repository\org\springframework\spring-beans\4.3.16.RELEASE\spring-beans-4.3.16.RELEASE.jar;D:\ProgramFile\maven\babasportMaven\repository\org\springframework\spring-context\4.3.16.RELEASE\spring-context-4.3.16.RELEASE.jar;D:\ProgramFile\maven\babasportMaven\repository\org\springframework\spring-webmvc\4.3.16.RELEASE\spring-webmvc-4.3.16.RELEASE.jar;D:\ProgramFile\maven\babasportMaven\repository\org\springframework\spring-expression\4.3.16.RELEASE\spring-expression-4.3.16.RELEASE.jar;D:\ProgramFile\maven\babasportMaven\repository\org\springframework\boot\spring-boot-starter-thymeleaf\1.5.12.RELEASE\spring-boot-starter-thymeleaf-1.5.12.RELEASE.jar;D:\ProgramFile\maven\babasportMaven\repository\org\thymeleaf\thymeleaf-spring4\3.0.2.RELEASE\thymeleaf-spring4-3.0.2.RELEASE.jar;D:\ProgramFile\maven\babasportMaven\repository\org\thymeleaf\thymeleaf\3.0.2.RELEASE\thymeleaf-3.0.2.RELEASE.jar;D:\ProgramFile\maven\babasportMaven\repository\org\attoparser\attoparser\2.0.1.RELEASE\attoparser-2.0.1.RELEASE.jar;D:\ProgramFile\maven\babasportMaven\repository\org\unbescape\unbescape\1.1.4.RELEASE\unbescape-1.1.4.RELEASE.jar;D:\ProgramFile\maven\babasportMaven\repository\nz\net\ultraq\thymeleaf\thymeleaf-layout-dialect\2.1.1\thymeleaf-layout-dialect-2.1.1.jar;D:\ProgramFile\maven\babasportMaven\repository\org\codehaus\groovy\groovy\2.4.15\groovy-2.4.15.jar;D:\ProgramFile\maven\babasportMaven\repository\nz\net\ultraq\thymeleaf\thymeleaf-expression-processor\1.1.2\thymeleaf-expression-processor-1.1.2.jar;D:\ProgramFile\maven\babasportMaven\repository\org\springframework\boot\spring-boot-starter-data-ldap\1.5.12.RELEASE\spring-boot-starter-data-ldap-1.5.12.RELEASE.jar;D:\ProgramFile\maven\babasportMaven\repository\org\springframework\data\spring-data-ldap\1.0.11.RELEASE\spring-data-ldap-1.0.11.RELEASE.jar;D:\ProgramFile\maven\babasportMaven\repository\org\springframework\ldap\spring-ldap-core\2.3.2.RELEASE\spring-ldap-core-2.3.2.RELEASE.jar;D:\ProgramFile\maven\babasportMaven\repository\org\springframework\data\spring-data-commons\1.13.11.RELEASE\spring-data-commons-1.13.11.RELEASE.jar;D:\ProgramFile\maven\babasportMaven\repository\com\unboundid\unboundid-ldapsdk\3.2.1\unboundid-ldapsdk-3.2.1.jar;D:\ProgramFile\maven\babasportMaven\repository\org\apache\commons\commons-lang3\3.4\commons-lang3-3.4.jar;D:\ProgramFile\maven\babasportMaven\repository\commons-io\commons-io\2.4\commons-io-2.4.jar;D:\ProgramFile\maven\babasportMaven\repository\commons-codec\commons-codec\1.11\commons-codec-1.11.jar;D:\ProgramFile\maven\babasportMaven\repository\cn\hutool\hutool-core\4.1.13\hutool-core-4.1.13.jar;D:\ProgramFile\maven\babasportMaven\repository\com\alibaba\fastjson\1.2.48\fastjson-1.2.48.jar;E:\intellDEA\PKI\core\target\core-1.0-SNAPSHOT.jar;D:\ProgramFile\maven\babasportMaven\repository\org\bouncycastle\bcprov-jdk15on\1.60\bcprov-jdk15on-1.60.jar;D:\ProgramFile\maven\babasportMaven\repository\org\bouncycastle\bcpkix-jdk15on\1.60\bcpkix-jdk15on-1.60.jar;D:\ProgramFile\maven\babasportMaven\repository\org\slf4j\slf4j-api\1.7.25\slf4j-api-1.7.25.jar;D:\ProgramFile\maven\babasportMaven\repository\org\springframework\boot\spring-boot-starter-test\1.5.12.RELEASE\spring-boot-starter-test-1.5.12.RELEASE.jar;D:\ProgramFile\maven\babasportMaven\repository\org\springframework\boot\spring-boot-test\1.5.12.RELEASE\spring-boot-test-1.5.12.RELEASE.jar;D:\ProgramFile\maven\babasportMaven\repository\org\springframework\boot\spring-boot-test-autoconfigure\1.5.12.RELEASE\spring-boot-test-autoconfigure-1.5.12.RELEASE.jar;D:\ProgramFile\maven\babasportMaven\repository\com\jayway\jsonpath\json-path\2.2.0\json-path-2.2.0.jar;D:\ProgramFile\maven\babasportMaven\repository\net\minidev\json-smart\2.2.1\json-smart-2.2.1.jar;D:\ProgramFile\maven\babasportMaven\repository\net\minidev\accessors-smart\1.1\accessors-smart-1.1.jar;D:\ProgramFile\maven\babasportMaven\repository\org\ow2\asm\asm\5.0.3\asm-5.0.3.jar;D:\ProgramFile\maven\babasportMaven\repository\org\assertj\assertj-core\2.6.0\assertj-core-2.6.0.jar;D:\ProgramFile\maven\babasportMaven\repository\org\mockito\mockito-core\1.10.19\mockito-core-1.10.19.jar;D:\ProgramFile\maven\babasportMaven\repository\org\objenesis\objenesis\2.1\objenesis-2.1.jar;D:\ProgramFile\maven\babasportMaven\repository\org\hamcrest\hamcrest-core\1.3\hamcrest-core-1.3.jar;D:\ProgramFile\maven\babasportMaven\repository\org\hamcrest\hamcrest-library\1.3\hamcrest-library-1.3.jar;D:\ProgramFile\maven\babasportMaven\repository\org\skyscreamer\jsonassert\1.4.0\jsonassert-1.4.0.jar;D:\ProgramFile\maven\babasportMaven\repository\com\vaadin\external\google\android-json\0.0.20131108.vaadin1\android-json-0.0.20131108.vaadin1.jar;D:\ProgramFile\maven\babasportMaven\repository\org\springframework\spring-core\4.3.16.RELEASE\spring-core-4.3.16.RELEASE.jar;D:\ProgramFile\maven\babasportMaven\repository\org\springframework\spring-test\4.3.16.RELEASE\spring-test-4.3.16.RELEASE.jar;D:\ProgramFile\maven\babasportMaven\repository\junit\junit\4.13\junit-4.13.jar;D:\ProgramFile\maven\babasportMaven\repository\org\springframework\boot\spring-boot-autoconfigure\1.5.12.RELEASE\spring-boot-autoconfigure-1.5.12.RELEASE.jar;D:\ProgramFile\maven\babasportMaven\repository\org\springframework\boot\spring-boot\1.5.12.RELEASE\spring-boot-1.5.12.RELEASE.jar;D:\ProgramFile\maven\babasportMaven\repository\org\springframework\boot\spring-boot-configuration-processor\1.5.12.RELEASE\spring-boot-configuration-processor-1.5.12.RELEASE.jar;D:\ProgramFile\maven\babasportMaven\repository\org\springframework\boot\spring-boot-starter-logging\1.5.12.RELEASE\spring-boot-starter-logging-1.5.12.RELEASE.jar;D:\ProgramFile\maven\babasportMaven\repository\org\slf4j\jcl-over-slf4j\1.7.25\jcl-over-slf4j-1.7.25.jar;D:\ProgramFile\maven\babasportMaven\repository\org\slf4j\jul-to-slf4j\1.7.25\jul-to-slf4j-1.7.25.jar;D:\ProgramFile\maven\babasportMaven\repository\org\slf4j\log4j-over-slf4j\1.7.25\log4j-over-slf4j-1.7.25.jar;D:\ProgramFile\maven\babasportMaven\repository\mysql\mysql-connector-java\5.1.46\mysql-connector-java-5.1.46.jar;D:\ProgramFile\maven\babasportMaven\repository\org\springframework\boot\spring-boot-starter-jdbc\1.5.12.RELEASE\spring-boot-starter-jdbc-1.5.12.RELEASE.jar;D:\ProgramFile\maven\babasportMaven\repository\org\apache\tomcat\tomcat-jdbc\8.5.29\tomcat-jdbc-8.5.29.jar;D:\ProgramFile\maven\babasportMaven\repository\org\apache\tomcat\tomcat-juli\8.5.29\tomcat-juli-8.5.29.jar;D:\ProgramFile\maven\babasportMaven\repository\org\springframework\spring-jdbc\4.3.16.RELEASE\spring-jdbc-4.3.16.RELEASE.jar;D:\ProgramFile\maven\babasportMaven\repository\org\springframework\spring-tx\4.3.16.RELEASE\spring-tx-4.3.16.RELEASE.jar;D:\ProgramFile\maven\babasportMaven\repository\org\springframework\boot\spring-boot-starter-data-jpa\1.5.12.RELEASE\spring-boot-starter-data-jpa-1.5.12.RELEASE.jar;D:\ProgramFile\maven\babasportMaven\repository\org\springframework\boot\spring-boot-starter-aop\1.5.12.RELEASE\spring-boot-starter-aop-1.5.12.RELEASE.jar;D:\ProgramFile\maven\babasportMaven\repository\org\aspectj\aspectjweaver\1.8.13\aspectjweaver-1.8.13.jar;D:\ProgramFile\maven\babasportMaven\repository\org\hibernate\hibernate-core\5.0.12.Final\hibernate-core-5.0.12.Final.jar;D:\ProgramFile\maven\babasportMaven\repository\org\hibernate\javax\persistence\hibernate-jpa-2.1-api\1.0.0.Final\hibernate-jpa-2.1-api-1.0.0.Final.jar;D:\ProgramFile\maven\babasportMaven\repository\org\javassist\javassist\3.21.0-GA\javassist-3.21.0-GA.jar;D:\ProgramFile\maven\babasportMaven\repository\antlr\antlr\2.7.7\antlr-2.7.7.jar;D:\ProgramFile\maven\babasportMaven\repository\org\jboss\jandex\2.0.0.Final\jandex-2.0.0.Final.jar;D:\ProgramFile\maven\babasportMaven\repository\dom4j\dom4j\1.6.1\dom4j-1.6.1.jar;D:\ProgramFile\maven\babasportMaven\repository\org\hibernate\common\hibernate-commons-annotations\5.0.1.Final\hibernate-commons-annotations-5.0.1.Final.jar;D:\ProgramFile\maven\babasportMaven\repository\org\hibernate\hibernate-entitymanager\5.0.12.Final\hibernate-entitymanager-5.0.12.Final.jar;D:\ProgramFile\maven\babasportMaven\repository\javax\transaction\javax.transaction-api\1.2\javax.transaction-api-1.2.jar;D:\ProgramFile\maven\babasportMaven\repository\org\springframework\data\spring-data-jpa\1.11.11.RELEASE\spring-data-jpa-1.11.11.RELEASE.jar;D:\ProgramFile\maven\babasportMaven\repository\org\springframework\spring-orm\4.3.16.RELEASE\spring-orm-4.3.16.RELEASE.jar;D:\ProgramFile\maven\babasportMaven\repository\org\springframework\spring-aspects\4.3.16.RELEASE\spring-aspects-4.3.16.RELEASE.jar;D:\ProgramFile\maven\babasportMaven\repository\org\webjars\jquery\3.4.1\jquery-3.4.1.jar;D:\ProgramFile\maven\babasportMaven\repository\org\webjars\bootstrap\4.4.1\bootstrap-4.4.1.jar;D:\ProgramFile\maven\babasportMaven\repository\org\webjars\popper.js\1.14.3\popper.js-1.14.3.jar;D:\ProgramFile\maven\babasportMaven\repository\org\webjars\npm\jquery-easyui\1.5.21\jquery-easyui-1.5.21.jar;D:\ProgramFile\maven\babasportMaven\repository\org\projectlombok\lombok\1.18.0\lombok-1.18.0.jar;D:\ProgramFile\maven\babasportMaven\repository\ch\qos\logback\logback-classic\1.2.3\logback-classic-1.2.3.jar;D:\ProgramFile\maven\babasportMaven\repository\ch\qos\logback\logback-core\1.1.11\logback-core-1.1.11.jar;D:\ProgramFile\maven\babasportMaven\repository\org\springframework\boot\spring-boot-devtools\1.5.12.RELEASE\spring-boot-devtools-1.5.12.RELEASE.jar;"/>
    <property name="java.vm.vendor" value="Oracle Corporation"/>
    <property name="sun.arch.data.model" value="64"/>
    <property name="user.variant" value=""/>
    <property name="java.vendor.url" value="http://java.oracle.com/"/>
    <property name="user.timezone" value="Asia/Shanghai"/>
    <property name="user.country.format" value="US"/>
    <property name="java.vm.specification.version" value="1.8"/>
    <property name="os.name" value="Windows 10"/>
    <property name="user.country" value="CN"/>
    <property name="sun.java.launcher" value="SUN_STANDARD"/>
    <property name="sun.boot.library.path" value="D:\ProgramFile\javee\jdk\jdk1.8\jre\bin"/>
    <property name="sun.java.command" value="C:\Users\18392\AppData\Local\Temp\surefire2967105477322445838\surefirebooter1658105862429542583.jar C:\Users\18392\AppData\Local\Temp\surefire2967105477322445838 2020-05-14T09-41-05_815-jvmRun1 surefire6907850758261567782tmp surefire_04464732133016684047tmp"/>
    <property name="surefire.test.class.path" value="E:\intellDEA\PKI\web\target\test-classes;E:\intellDEA\PKI\web\target\classes;D:\ProgramFile\maven\babasportMaven\repository\com\github\pagehelper\pagehelper\4.1.2\pagehelper-4.1.2.jar;D:\ProgramFile\maven\babasportMaven\repository\com\github\jsqlparser\jsqlparser\0.9.4\jsqlparser-0.9.4.jar;D:\ProgramFile\maven\babasportMaven\repository\org\springframework\boot\spring-boot-starter-web\1.5.12.RELEASE\spring-boot-starter-web-1.5.12.RELEASE.jar;D:\ProgramFile\maven\babasportMaven\repository\org\springframework\boot\spring-boot-starter\1.5.12.RELEASE\spring-boot-starter-1.5.12.RELEASE.jar;D:\ProgramFile\maven\babasportMaven\repository\org\yaml\snakeyaml\1.17\snakeyaml-1.17.jar;D:\ProgramFile\maven\babasportMaven\repository\org\springframework\boot\spring-boot-starter-tomcat\1.5.12.RELEASE\spring-boot-starter-tomcat-1.5.12.RELEASE.jar;D:\ProgramFile\maven\babasportMaven\repository\org\apache\tomcat\embed\tomcat-embed-core\8.5.29\tomcat-embed-core-8.5.29.jar;D:\ProgramFile\maven\babasportMaven\repository\org\apache\tomcat\tomcat-annotations-api\8.5.29\tomcat-annotations-api-8.5.29.jar;D:\ProgramFile\maven\babasportMaven\repository\org\apache\tomcat\embed\tomcat-embed-el\8.5.29\tomcat-embed-el-8.5.29.jar;D:\ProgramFile\maven\babasportMaven\repository\org\apache\tomcat\embed\tomcat-embed-websocket\8.5.29\tomcat-embed-websocket-8.5.29.jar;D:\ProgramFile\maven\babasportMaven\repository\org\hibernate\hibernate-validator\5.3.6.Final\hibernate-validator-5.3.6.Final.jar;D:\ProgramFile\maven\babasportMaven\repository\javax\validation\validation-api\1.1.0.Final\validation-api-1.1.0.Final.jar;D:\ProgramFile\maven\babasportMaven\repository\org\jboss\logging\jboss-logging\3.3.2.Final\jboss-logging-3.3.2.Final.jar;D:\ProgramFile\maven\babasportMaven\repository\com\fasterxml\classmate\1.3.4\classmate-1.3.4.jar;D:\ProgramFile\maven\babasportMaven\repository\com\fasterxml\jackson\core\jackson-databind\2.8.11.1\jackson-databind-2.8.11.1.jar;D:\ProgramFile\maven\babasportMaven\repository\com\fasterxml\jackson\core\jackson-annotations\2.8.0\jackson-annotations-2.8.0.jar;D:\ProgramFile\maven\babasportMaven\repository\com\fasterxml\jackson\core\jackson-core\2.8.11\jackson-core-2.8.11.jar;D:\ProgramFile\maven\babasportMaven\repository\org\springframework\spring-web\4.3.16.RELEASE\spring-web-4.3.16.RELEASE.jar;D:\ProgramFile\maven\babasportMaven\repository\org\springframework\spring-aop\4.3.16.RELEASE\spring-aop-4.3.16.RELEASE.jar;D:\ProgramFile\maven\babasportMaven\repository\org\springframework\spring-beans\4.3.16.RELEASE\spring-beans-4.3.16.RELEASE.jar;D:\ProgramFile\maven\babasportMaven\repository\org\springframework\spring-context\4.3.16.RELEASE\spring-context-4.3.16.RELEASE.jar;D:\ProgramFile\maven\babasportMaven\repository\org\springframework\spring-webmvc\4.3.16.RELEASE\spring-webmvc-4.3.16.RELEASE.jar;D:\ProgramFile\maven\babasportMaven\repository\org\springframework\spring-expression\4.3.16.RELEASE\spring-expression-4.3.16.RELEASE.jar;D:\ProgramFile\maven\babasportMaven\repository\org\springframework\boot\spring-boot-starter-thymeleaf\1.5.12.RELEASE\spring-boot-starter-thymeleaf-1.5.12.RELEASE.jar;D:\ProgramFile\maven\babasportMaven\repository\org\thymeleaf\thymeleaf-spring4\3.0.2.RELEASE\thymeleaf-spring4-3.0.2.RELEASE.jar;D:\ProgramFile\maven\babasportMaven\repository\org\thymeleaf\thymeleaf\3.0.2.RELEASE\thymeleaf-3.0.2.RELEASE.jar;D:\ProgramFile\maven\babasportMaven\repository\org\attoparser\attoparser\2.0.1.RELEASE\attoparser-2.0.1.RELEASE.jar;D:\ProgramFile\maven\babasportMaven\repository\org\unbescape\unbescape\1.1.4.RELEASE\unbescape-1.1.4.RELEASE.jar;D:\ProgramFile\maven\babasportMaven\repository\nz\net\ultraq\thymeleaf\thymeleaf-layout-dialect\2.1.1\thymeleaf-layout-dialect-2.1.1.jar;D:\ProgramFile\maven\babasportMaven\repository\org\codehaus\groovy\groovy\2.4.15\groovy-2.4.15.jar;D:\ProgramFile\maven\babasportMaven\repository\nz\net\ultraq\thymeleaf\thymeleaf-expression-processor\1.1.2\thymeleaf-expression-processor-1.1.2.jar;D:\ProgramFile\maven\babasportMaven\repository\org\springframework\boot\spring-boot-starter-data-ldap\1.5.12.RELEASE\spring-boot-starter-data-ldap-1.5.12.RELEASE.jar;D:\ProgramFile\maven\babasportMaven\repository\org\springframework\data\spring-data-ldap\1.0.11.RELEASE\spring-data-ldap-1.0.11.RELEASE.jar;D:\ProgramFile\maven\babasportMaven\repository\org\springframework\ldap\spring-ldap-core\2.3.2.RELEASE\spring-ldap-core-2.3.2.RELEASE.jar;D:\ProgramFile\maven\babasportMaven\repository\org\springframework\data\spring-data-commons\1.13.11.RELEASE\spring-data-commons-1.13.11.RELEASE.jar;D:\ProgramFile\maven\babasportMaven\repository\com\unboundid\unboundid-ldapsdk\3.2.1\unboundid-ldapsdk-3.2.1.jar;D:\ProgramFile\maven\babasportMaven\repository\org\apache\commons\commons-lang3\3.4\commons-lang3-3.4.jar;D:\ProgramFile\maven\babasportMaven\repository\commons-io\commons-io\2.4\commons-io-2.4.jar;D:\ProgramFile\maven\babasportMaven\repository\commons-codec\commons-codec\1.11\commons-codec-1.11.jar;D:\ProgramFile\maven\babasportMaven\repository\cn\hutool\hutool-core\4.1.13\hutool-core-4.1.13.jar;D:\ProgramFile\maven\babasportMaven\repository\com\alibaba\fastjson\1.2.48\fastjson-1.2.48.jar;E:\intellDEA\PKI\core\target\core-1.0-SNAPSHOT.jar;D:\ProgramFile\maven\babasportMaven\repository\org\bouncycastle\bcprov-jdk15on\1.60\bcprov-jdk15on-1.60.jar;D:\ProgramFile\maven\babasportMaven\repository\org\bouncycastle\bcpkix-jdk15on\1.60\bcpkix-jdk15on-1.60.jar;D:\ProgramFile\maven\babasportMaven\repository\org\slf4j\slf4j-api\1.7.25\slf4j-api-1.7.25.jar;D:\ProgramFile\maven\babasportMaven\repository\org\springframework\boot\spring-boot-starter-test\1.5.12.RELEASE\spring-boot-starter-test-1.5.12.RELEASE.jar;D:\ProgramFile\maven\babasportMaven\repository\org\springframework\boot\spring-boot-test\1.5.12.RELEASE\spring-boot-test-1.5.12.RELEASE.jar;D:\ProgramFile\maven\babasportMaven\repository\org\springframework\boot\spring-boot-test-autoconfigure\1.5.12.RELEASE\spring-boot-test-autoconfigure-1.5.12.RELEASE.jar;D:\ProgramFile\maven\babasportMaven\repository\com\jayway\jsonpath\json-path\2.2.0\json-path-2.2.0.jar;D:\ProgramFile\maven\babasportMaven\repository\net\minidev\json-smart\2.2.1\json-smart-2.2.1.jar;D:\ProgramFile\maven\babasportMaven\repository\net\minidev\accessors-smart\1.1\accessors-smart-1.1.jar;D:\ProgramFile\maven\babasportMaven\repository\org\ow2\asm\asm\5.0.3\asm-5.0.3.jar;D:\ProgramFile\maven\babasportMaven\repository\org\assertj\assertj-core\2.6.0\assertj-core-2.6.0.jar;D:\ProgramFile\maven\babasportMaven\repository\org\mockito\mockito-core\1.10.19\mockito-core-1.10.19.jar;D:\ProgramFile\maven\babasportMaven\repository\org\objenesis\objenesis\2.1\objenesis-2.1.jar;D:\ProgramFile\maven\babasportMaven\repository\org\hamcrest\hamcrest-core\1.3\hamcrest-core-1.3.jar;D:\ProgramFile\maven\babasportMaven\repository\org\hamcrest\hamcrest-library\1.3\hamcrest-library-1.3.jar;D:\ProgramFile\maven\babasportMaven\repository\org\skyscreamer\jsonassert\1.4.0\jsonassert-1.4.0.jar;D:\ProgramFile\maven\babasportMaven\repository\com\vaadin\external\google\android-json\0.0.20131108.vaadin1\android-json-0.0.20131108.vaadin1.jar;D:\ProgramFile\maven\babasportMaven\repository\org\springframework\spring-core\4.3.16.RELEASE\spring-core-4.3.16.RELEASE.jar;D:\ProgramFile\maven\babasportMaven\repository\org\springframework\spring-test\4.3.16.RELEASE\spring-test-4.3.16.RELEASE.jar;D:\ProgramFile\maven\babasportMaven\repository\junit\junit\4.13\junit-4.13.jar;D:\ProgramFile\maven\babasportMaven\repository\org\springframework\boot\spring-boot-autoconfigure\1.5.12.RELEASE\spring-boot-autoconfigure-1.5.12.RELEASE.jar;D:\ProgramFile\maven\babasportMaven\repository\org\springframework\boot\spring-boot\1.5.12.RELEASE\spring-boot-1.5.12.RELEASE.jar;D:\ProgramFile\maven\babasportMaven\repository\org\springframework\boot\spring-boot-configuration-processor\1.5.12.RELEASE\spring-boot-configuration-processor-1.5.12.RELEASE.jar;D:\ProgramFile\maven\babasportMaven\repository\org\springframework\boot\spring-boot-starter-logging\1.5.12.RELEASE\spring-boot-starter-logging-1.5.12.RELEASE.jar;D:\ProgramFile\maven\babasportMaven\repository\org\slf4j\jcl-over-slf4j\1.7.25\jcl-over-slf4j-1.7.25.jar;D:\ProgramFile\maven\babasportMaven\repository\org\slf4j\jul-to-slf4j\1.7.25\jul-to-slf4j-1.7.25.jar;D:\ProgramFile\maven\babasportMaven\repository\org\slf4j\log4j-over-slf4j\1.7.25\log4j-over-slf4j-1.7.25.jar;D:\ProgramFile\maven\babasportMaven\repository\mysql\mysql-connector-java\5.1.46\mysql-connector-java-5.1.46.jar;D:\ProgramFile\maven\babasportMaven\repository\org\springframework\boot\spring-boot-starter-jdbc\1.5.12.RELEASE\spring-boot-starter-jdbc-1.5.12.RELEASE.jar;D:\ProgramFile\maven\babasportMaven\repository\org\apache\tomcat\tomcat-jdbc\8.5.29\tomcat-jdbc-8.5.29.jar;D:\ProgramFile\maven\babasportMaven\repository\org\apache\tomcat\tomcat-juli\8.5.29\tomcat-juli-8.5.29.jar;D:\ProgramFile\maven\babasportMaven\repository\org\springframework\spring-jdbc\4.3.16.RELEASE\spring-jdbc-4.3.16.RELEASE.jar;D:\ProgramFile\maven\babasportMaven\repository\org\springframework\spring-tx\4.3.16.RELEASE\spring-tx-4.3.16.RELEASE.jar;D:\ProgramFile\maven\babasportMaven\repository\org\springframework\boot\spring-boot-starter-data-jpa\1.5.12.RELEASE\spring-boot-starter-data-jpa-1.5.12.RELEASE.jar;D:\ProgramFile\maven\babasportMaven\repository\org\springframework\boot\spring-boot-starter-aop\1.5.12.RELEASE\spring-boot-starter-aop-1.5.12.RELEASE.jar;D:\ProgramFile\maven\babasportMaven\repository\org\aspectj\aspectjweaver\1.8.13\aspectjweaver-1.8.13.jar;D:\ProgramFile\maven\babasportMaven\repository\org\hibernate\hibernate-core\5.0.12.Final\hibernate-core-5.0.12.Final.jar;D:\ProgramFile\maven\babasportMaven\repository\org\hibernate\javax\persistence\hibernate-jpa-2.1-api\1.0.0.Final\hibernate-jpa-2.1-api-1.0.0.Final.jar;D:\ProgramFile\maven\babasportMaven\repository\org\javassist\javassist\3.21.0-GA\javassist-3.21.0-GA.jar;D:\ProgramFile\maven\babasportMaven\repository\antlr\antlr\2.7.7\antlr-2.7.7.jar;D:\ProgramFile\maven\babasportMaven\repository\org\jboss\jandex\2.0.0.Final\jandex-2.0.0.Final.jar;D:\ProgramFile\maven\babasportMaven\repository\dom4j\dom4j\1.6.1\dom4j-1.6.1.jar;D:\ProgramFile\maven\babasportMaven\repository\org\hibernate\common\hibernate-commons-annotations\5.0.1.Final\hibernate-commons-annotations-5.0.1.Final.jar;D:\ProgramFile\maven\babasportMaven\repository\org\hibernate\hibernate-entitymanager\5.0.12.Final\hibernate-entitymanager-5.0.12.Final.jar;D:\ProgramFile\maven\babasportMaven\repository\javax\transaction\javax.transaction-api\1.2\javax.transaction-api-1.2.jar;D:\ProgramFile\maven\babasportMaven\repository\org\springframework\data\spring-data-jpa\1.11.11.RELEASE\spring-data-jpa-1.11.11.RELEASE.jar;D:\ProgramFile\maven\babasportMaven\repository\org\springframework\spring-orm\4.3.16.RELEASE\spring-orm-4.3.16.RELEASE.jar;D:\ProgramFile\maven\babasportMaven\repository\org\springframework\spring-aspects\4.3.16.RELEASE\spring-aspects-4.3.16.RELEASE.jar;D:\ProgramFile\maven\babasportMaven\repository\org\webjars\jquery\3.4.1\jquery-3.4.1.jar;D:\ProgramFile\maven\babasportMaven\repository\org\webjars\bootstrap\4.4.1\bootstrap-4.4.1.jar;D:\ProgramFile\maven\babasportMaven\repository\org\webjars\popper.js\1.14.3\popper.js-1.14.3.jar;D:\ProgramFile\maven\babasportMaven\repository\org\webjars\npm\jquery-easyui\1.5.21\jquery-easyui-1.5.21.jar;D:\ProgramFile\maven\babasportMaven\repository\org\projectlombok\lombok\1.18.0\lombok-1.18.0.jar;D:\ProgramFile\maven\babasportMaven\repository\ch\qos\logback\logback-classic\1.2.3\logback-classic-1.2.3.jar;D:\ProgramFile\maven\babasportMaven\repository\ch\qos\logback\logback-core\1.1.11\logback-core-1.1.11.jar;D:\ProgramFile\maven\babasportMaven\repository\org\springframework\boot\spring-boot-devtools\1.5.12.RELEASE\spring-boot-devtools-1.5.12.RELEASE.jar;"/>
    <property name="sun.cpu.endian" value="little"/>
    <property name="user.home" value="C:\Users\18392"/>
    <property name="user.language" value="zh"/>
    <property name="java.specification.vendor" value="Oracle Corporation"/>
    <property name="java.home" value="D:\ProgramFile\javee\jdk\jdk1.8\jre"/>
    <property name="basedir" value="E:\intellDEA\PKI\web"/>
    <property name="file.separator" value="\"/>
    <property name="line.separator" value="&#10;"/>
    <property name="java.vm.specification.vendor" value="Oracle Corporation"/>
    <property name="java.specification.name" value="Java Platform API Specification"/>
    <property name="java.awt.graphicsenv" value="sun.awt.Win32GraphicsEnvironment"/>
    <property name="surefire.real.class.path" value="C:\Users\18392\AppData\Local\Temp\surefire2967105477322445838\surefirebooter1658105862429542583.jar"/>
    <property name="sun.boot.class.path" value="D:\ProgramFile\javee\jdk\jdk1.8\jre\lib\resources.jar;D:\ProgramFile\javee\jdk\jdk1.8\jre\lib\rt.jar;D:\ProgramFile\javee\jdk\jdk1.8\jre\lib\sunrsasign.jar;D:\ProgramFile\javee\jdk\jdk1.8\jre\lib\jsse.jar;D:\ProgramFile\javee\jdk\jdk1.8\jre\lib\jce.jar;D:\ProgramFile\javee\jdk\jdk1.8\jre\lib\charsets.jar;D:\ProgramFile\javee\jdk\jdk1.8\jre\lib\jfr.jar;D:\ProgramFile\javee\jdk\jdk1.8\jre\classes"/>
    <property name="user.script" value=""/>
    <property name="sun.management.compiler" value="HotSpot 64-Bit Tiered Compilers"/>
    <property name="java.runtime.version" value="1.8.0_191-b12"/>
    <property name="user.name" value="18392"/>
    <property name="path.separator" value=";"/>
    <property name="os.version" value="10.0"/>
    <property name="java.endorsed.dirs" value="D:\ProgramFile\javee\jdk\jdk1.8\jre\lib\endorsed"/>
    <property name="java.runtime.name" value="Java(TM) SE Runtime Environment"/>
    <property name="file.encoding" value="GBK"/>
    <property name="java.vm.name" value="Java HotSpot(TM) 64-Bit Server VM"/>
    <property name="localRepository" value="D:\ProgramFile\maven\babasportMaven\repository"/>
    <property name="java.vendor.url.bug" value="http://bugreport.sun.com/bugreport/"/>
    <property name="java.io.tmpdir" value="C:\Users\18392\AppData\Local\Temp\"/>
    <property name="idea.version" value="2017.3.4"/>
    <property name="java.version" value="1.8.0_191"/>
    <property name="user.dir" value="E:\intellDEA\PKI\web"/>
    <property name="os.arch" value="amd64"/>
    <property name="java.vm.specification.name" value="Java Virtual Machine Specification"/>
    <property name="java.awt.printerjob" value="sun.awt.windows.WPrinterJob"/>
    <property name="user.language.format" value="en"/>
    <property name="sun.os.patch.level" value=""/>
    <property name="java.library.path" value="D:\ProgramFile\javee\jdk\jdk1.8\jre\bin;C:\WINDOWS\Sun\Java\bin;C:\WINDOWS\system32;C:\WINDOWS;C:\Program Files (x86)\Common Files\Oracle\Java\javapath;C:\Program Files (x86)\Intel\iCLS Client\;C:\Program Files\Intel\iCLS Client\;C:\WINDOWS\system32;C:\WINDOWS;C:\WINDOWS\System32\Wbem;C:\WINDOWS\System32\WindowsPowerShell\v1.0\;C:\Program Files (x86)\Intel\Intel(R) Management Engine Components\DAL;C:\Program Files\Intel\Intel(R) Management Engine Components\DAL;C:\Program Files (x86)\Intel\Intel(R) Management Engine Components\IPT;C:\Program Files\Intel\Intel(R) Management Engine Components\IPT;D:\ProgramFile\go\bin;E:\gopath\bin;D:\ProgramFile\javee\jdk\jdk1.8\bin;D:\ProgramFile\javee\jre9\bin;D:\ProgramFile\nodejs\;D:\ProgramFile\maven\maven3\bin;D:\ProgramFile\javee\mysql5.7\bin;C:\WINDOWS\System32\OpenSSH\;C:\Program Files\Intel\WiFi\bin\;C:\Program Files\Common Files\Intel\WirelessCommon\;C:\Program Files\Microsoft SQL Server\130\Tools\Binn\;C:\mingw_tools\MinGW\bin;F:\SoftWare\Vmware;D:\VirtualBox;%GRADLE_HOME%\bin;D:\anaconda\Library\bin;D:\ProgramFile\javee\groovy\groovy-3.0.2\bin;C:\Users\18392\AppData\Local\Microsoft\WindowsApps;C:\Program Files\Bandizip\;C:\latex\latex\textlive\bin\win32;C:\texlive\2018\bin\win32;C:\Users\18392\AppData\Local\atom\bin;C:\Users\18392\AppData\Roaming\npm;C:\Users\18392\AppData\Local\Microsoft\WindowsApps;;D:\ProgramFile\vscode\Microsoft VS Code\bin;."/>
    <property name="java.vm.info" value="mixed mode"/>
    <property name="java.vendor" value="Oracle Corporation"/>
    <property name="java.vm.version" value="25.191-b12"/>
    <property name="java.ext.dirs" value="D:\ProgramFile\javee\jdk\jdk1.8\jre\lib\ext;C:\WINDOWS\Sun\Java\lib\ext"/>
    <property name="sun.io.unicode.encoding" value="UnicodeLittle"/>
    <property name="java.class.version" value="52.0"/>
  </properties>
  <testcase name="testCert" classname="com.taoyuanx.test.SpringJunitTest" time="0.027"/>
</testsuite>