<?xml version="1.0" encoding="UTF-8"?>
<testsuite xmlns:xsi="http://www.w3.org/2001/XMLSchema-instance" xsi:noNamespaceSchemaLocation="https://maven.apache.org/surefire/maven-surefire-plugin/xsd/surefire-test-report.xsd" name="com.taoyuanx.test.LDAPTest" time="0.917" tests="13" errors="3" skipped="0" failures="0">
  <properties>
    <property name="sun.desktop" value="windows"/>
    <property name="awt.toolkit" value="sun.awt.windows.WToolkit"/>
    <property name="file.encoding.pkg" value="sun.io"/>
    <property name="java.specification.version" value="1.8"/>
    <property name="sun.cpu.isalist" value="amd64"/>
    <property name="sun.jnu.encoding" value="GBK"/>
    <property name="java.class.path" value="E:\intellDEA\PKI\web\target\test-classes;E:\intellDEA\PKI\web\target\classes;D:\ProgramFile\maven\babasportMaven\repository\com\github\pagehelper\pagehelper\4.1.2\pagehelper-4.1.2.jar;D:\ProgramFile\maven\babasportMaven\repository\com\github\jsqlparser\jsqlparser\0.9.4\jsqlparser-0.9.4.jar;D:\ProgramFile\maven\babasportMaven\repository\org\springframework\boot\spring-boot-starter-web\1.5.12.RELEASE\spring-boot-starter-web-1.5.12.RELEASE.jar;D:\ProgramFile\maven\babasportMaven\repository\org\springframework\boot\spring-boot-starter\1.5.12.RELEASE\spring-boot-starter-1.5.12.RELEASE.jar;D:\ProgramFile\maven\babasportMaven\repository\org\yaml\snakeyaml\1.17\snakeyaml-1.17.jar;D:\ProgramFile\maven\babasportMaven\repository\org\springframework\boot\spring-boot-starter-tomcat\1.5.12.RELEASE\spring-boot-starter-tomcat-1.5.12.RELEASE.jar;D:\ProgramFile\maven\babasportMaven\repository\org\apache\tomcat\embed\tomcat-embed-core\8.5.29\tomcat-embed-core-8.5.29.jar;D:\ProgramFile\maven\babasportMaven\repository\org\apache\tomcat\tomcat-annotations-api\8.5.29\tomcat-annotations-api-8.5.29.jar;D:\ProgramFile\maven\babasportMaven\repository\org\apache\tomcat\embed\tomcat-embed-el\8.5.29\tomcat-embed-el-8.5.29.jar;D:\ProgramFile\maven\babasportMaven\repository\org\apache\tomcat\embed\tomcat-embed-websocket\8.5.29\tomcat-embed-websocket-8.5.29.jar;D:\ProgramFile\maven\babasportMaven\repository\org\hibernate\hibernate-validator\5.3.6.Final\hibernate-validator-5.3.6.Final.jar;D:\ProgramFile\maven\babasportMaven\repository\javax\validation\validation-api\1.1.0.Final\validation-api-1.1.0.Final.jar;D:\ProgramFile\maven\babasportMaven\repository\org\jboss\logging\jboss-logging\3.3.2.Final\jboss-logging-3.3.2.Final.jar;D:\ProgramFile\maven\babasportMaven\repository\com\fasterxml\classmate\1.3.4\classmate-1.3.4.jar;D:\ProgramFile\maven\babasportMaven\repository\com\fasterxml\jackson\core\jackson-databind\2.8.11.1\jackson-databind-2.8.11.1.jar;D:\ProgramFile\maven\babasportMaven\repository\com\fasterxml\jackson\core\jackson-annotations\2.8.0\jackson-annotations-2.8.0.jar;D:\ProgramFile\maven\babasportMaven\repository\com\fasterxml\jackson\core\jackson-core\2.8.11\jackson-core-2.8.11.jar;D:\ProgramFile\maven\babasportMaven\repository\org\springframework\spring-web\4.3.16.RELEASE\spring-web-4.3.16.RELEASE.jar;D:\ProgramFile\maven\babasportMaven\repository\org\springframework\spring-aop\4.3.16.RELEASE\spring-aop-4.3.16.RELEASE.jar;D:\ProgramFile\maven\babasportMaven\repository\org\springframework\spring-beans\4.3.16.RELEASE\spring-beans-4.3.16.RELEASE.jar;D:\ProgramFile\maven\babasportMaven\repository\org\springframework\spring-context\4.3.16.RELEASE\spring-context-4.3.16.RELEASE.jar;D:\ProgramFile\maven\babasportMaven\repository\org\springframework\spring-webmvc\4.3.16.RELEASE\spring-webmvc-4.3.16.RELEASE.jar;D:\ProgramFile\maven\babasportMaven\repository\org\springframework\spring-expression\4.3.16.RELEASE\spring-expression-4.3.16.RELEASE.jar;D:\ProgramFile\maven\babasportMaven\repository\org\springframework\boot\spring-boot-starter-thymeleaf\1.5.12.RELEASE\spring-boot-starter-thymeleaf-1.5.12.RELEASE.jar;D:\ProgramFile\maven\babasportMaven\repository\org\thymeleaf\thymeleaf-spring4\3.0.2.RELEASE\thymeleaf-spring4-3.0.2.RELEASE.jar;D:\ProgramFile\maven\babasportMaven\repository\org\thymeleaf\thymeleaf\3.0.2.RELEASE\thymeleaf-3.0.2.RELEASE.jar;D:\ProgramFile\maven\babasportMaven\repository\org\attoparser\attoparser\2.0.1.RELEASE\attoparser-2.0.1.RELEASE.jar;D:\ProgramFile\maven\babasportMaven\repository\org\unbescape\unbescape\1.1.4.RELEASE\unbescape-1.1.4.RELEASE.jar;D:\ProgramFile\maven\babasportMaven\repository\nz\net\ultraq\thymeleaf\thymeleaf-layout-dialect\2.1.1\thymeleaf-layout-dialect-2.1.1.jar;D:\ProgramFile\maven\babasportMaven\repository\org\codehaus\groovy\groovy\2.4.15\groovy-2.4.15.jar;D:\ProgramFile\maven\babasportMaven\repository\nz\net\ultraq\thymeleaf\thymeleaf-expression-processor\1.1.2\thymeleaf-expression-processor-1.1.2.jar;D:\ProgramFile\maven\babasportMaven\repository\org\springframework\boot\spring-boot-starter-data-ldap\1.5.12.RELEASE\spring-boot-starter-data-ldap-1.5.12.RELEASE.jar;D:\ProgramFile\maven\babasportMaven\repository\org\springframework\data\spring-data-ldap\1.0.11.RELEASE\spring-data-ldap-1.0.11.RELEASE.jar;D:\ProgramFile\maven\babasportMaven\repository\org\springframework\ldap\spring-ldap-core\2.3.2.RELEASE\spring-ldap-core-2.3.2.RELEASE.jar;D:\ProgramFile\maven\babasportMaven\repository\org\springframework\data\spring-data-commons\1.13.11.RELEASE\spring-data-commons-1.13.11.RELEASE.jar;D:\ProgramFile\maven\babasportMaven\repository\com\unboundid\unboundid-ldapsdk\3.2.1\unboundid-ldapsdk-3.2.1.jar;D:\ProgramFile\maven\babasportMaven\repository\org\apache\commons\commons-lang3\3.4\commons-lang3-3.4.jar;D:\ProgramFile\maven\babasportMaven\repository\commons-io\commons-io\2.4\commons-io-2.4.jar;D:\ProgramFile\maven\babasportMaven\repository\commons-codec\commons-codec\1.11\commons-codec-1.11.jar;D:\ProgramFile\maven\babasportMaven\repository\cn\hutool\hutool-core\4.1.13\hutool-core-4.1.13.jar;D:\ProgramFile\maven\babasportMaven\repository\com\alibaba\fastjson\1.2.48\fastjson-1.2.48.jar;E:\intellDEA\PKI\core\target\core-1.0-SNAPSHOT.jar;D:\ProgramFile\maven\babasportMaven\repository\org\bouncycastle\bcprov-jdk15on\1.60\bcprov-jdk15on-1.60.jar;D:\ProgramFile\maven\babasportMaven\repository\org\bouncycastle\bcpkix-jdk15on\1.60\bcpkix-jdk15on-1.60.jar;D:\ProgramFile\maven\babasportMaven\repository\org\slf4j\slf4j-api\1.7.25\slf4j-api-1.7.25.jar;D:\ProgramFile\maven\babasportMaven\repository\org\springframework\boot\spring-boot-starter-test\1.5.12.RELEASE\spring-boot-starter-test-1.5.12.RELEASE.jar;D:\ProgramFile\maven\babasportMaven\repository\org\springframework\boot\spring-boot-test\1.5.12.RELEASE\spring-boot-test-1.5.12.RELEASE.jar;D:\ProgramFile\maven\babasportMaven\repository\org\springframework\boot\spring-boot-test-autoconfigure\1.5.12.RELEASE\spring-boot-test-autoconfigure-1.5.12.RELEASE.jar;D:\ProgramFile\maven\babasportMaven\repository\com\jayway\jsonpath\json-path\2.2.0\json-path-2.2.0.jar;D:\ProgramFile\maven\babasportMaven\repository\net\minidev\json-smart\2.2.1\json-smart-2.2.1.jar;D:\ProgramFile\maven\babasportMaven\repository\net\minidev\accessors-smart\1.1\accessors-smart-1.1.jar;D:\ProgramFile\maven\babasportMaven\repository\org\ow2\asm\asm\5.0.3\asm-5.0.3.jar;D:\ProgramFile\maven\babasportMaven\repository\org\assertj\assertj-core\2.6.0\assertj-core-2.6.0.jar;D:\ProgramFile\maven\babasportMaven\repository\org\mockito\mockito-core\1.10.19\mockito-core-1.10.19.jar;D:\ProgramFile\maven\babasportMaven\repository\org\objenesis\objenesis\2.1\objenesis-2.1.jar;D:\ProgramFile\maven\babasportMaven\repository\org\hamcrest\hamcrest-core\1.3\hamcrest-core-1.3.jar;D:\ProgramFile\maven\babasportMaven\repository\org\hamcrest\hamcrest-library\1.3\hamcrest-library-1.3.jar;D:\ProgramFile\maven\babasportMaven\repository\org\skyscreamer\jsonassert\1.4.0\jsonassert-1.4.0.jar;D:\ProgramFile\maven\babasportMaven\repository\com\vaadin\external\google\android-json\0.0.20131108.vaadin1\android-json-0.0.20131108.vaadin1.jar;D:\ProgramFile\maven\babasportMaven\repository\org\springframework\spring-core\4.3.16.RELEASE\spring-core-4.3.16.RELEASE.jar;D:\ProgramFile\maven\babasportMaven\repository\org\springframework\spring-test\4.3.16.RELEASE\spring-test-4.3.16.RELEASE.jar;D:\ProgramFile\maven\babasportMaven\repository\junit\junit\4.13\junit-4.13.jar;D:\ProgramFile\maven\babasportMaven\repository\org\springframework\boot\spring-boot-autoconfigure\1.5.12.RELEASE\spring-boot-autoconfigure-1.5.12.RELEASE.jar;D:\ProgramFile\maven\babasportMaven\repository\org\springframework\boot\spring-boot\1.5.12.RELEASE\spring-boot-1.5.12.RELEASE.jar;D:\ProgramFile\maven\babasportMaven\repository\org\springframework\boot\spring-boot-configuration-processor\1.5.12.RELEASE\spring-boot-configuration-processor-1.5.12.RELEASE.jar;D:\ProgramFile\maven\babasportMaven\repository\org\springframework\boot\spring-boot-starter-logging\1.5.12.RELEASE\spring-boot-starter-logging-1.5.12.RELEASE.jar;D:\ProgramFile\maven\babasportMaven\repository\org\slf4j\jcl-over-slf4j\1.7.25\jcl-over-slf4j-1.7.25.jar;D:\ProgramFile\maven\babasportMaven\repository\org\slf4j\jul-to-slf4j\1.7.25\jul-to-slf4j-1.7.25.jar;D:\ProgramFile\maven\babasportMaven\repository\org\slf4j\log4j-over-slf4j\1.7.25\log4j-over-slf4j-1.7.25.jar;D:\ProgramFile\maven\babasportMaven\repository\mysql\mysql-connector-java\5.1.46\mysql-connector-java-5.1.46.jar;D:\ProgramFile\maven\babasportMaven\repository\org\springframework\boot\spring-boot-starter-jdbc\1.5.12.RELEASE\spring-boot-starter-jdbc-1.5.12.RELEASE.jar;D:\ProgramFile\maven\babasportMaven\repository\org\apache\tomcat\tomcat-jdbc\8.5.29\tomcat-jdbc-8.5.29.jar;D:\ProgramFile\maven\babasportMaven\repository\org\apache\tomcat\tomcat-juli\8.5.29\tomcat-juli-8.5.29.jar;D:\ProgramFile\maven\babasportMaven\repository\org\springframework\spring-jdbc\4.3.16.RELEASE\spring-jdbc-4.3.16.RELEASE.jar;D:\ProgramFile\maven\babasportMaven\repository\org\springframework\spring-tx\4.3.16.RELEASE\spring-tx-4.3.16.RELEASE.jar;D:\ProgramFile\maven\babasportMaven\repository\org\springframework\boot\spring-boot-starter-data-jpa\1.5.12.RELEASE\spring-boot-starter-data-jpa-1.5.12.RELEASE.jar;D:\ProgramFile\maven\babasportMaven\repository\org\springframework\boot\spring-boot-starter-aop\1.5.12.RELEASE\spring-boot-starter-aop-1.5.12.RELEASE.jar;D:\ProgramFile\maven\babasportMaven\repository\org\aspectj\aspectjweaver\1.8.13\aspectjweaver-1.8.13.jar;D:\ProgramFile\maven\babasportMaven\repository\org\hibernate\hibernate-core\5.0.12.Final\hibernate-core-5.0.12.Final.jar;D:\ProgramFile\maven\babasportMaven\repository\org\hibernate\javax\persistence\hibernate-jpa-2.1-api\1.0.0.Final\hibernate-jpa-2.1-api-1.0.0.Final.jar;D:\ProgramFile\maven\babasportMaven\repository\org\javassist\javassist\3.21.0-GA\javassist-3.21.0-GA.jar;D:\ProgramFile\maven\babasportMaven\repository\antlr\antlr\2.7.7\antlr-2.7.7.jar;D:\ProgramFile\maven\babasportMaven\repository\org\jboss\jandex\2.0.0.Final\jandex-2.0.0.Final.jar;D:\ProgramFile\maven\babasportMaven\repository\dom4j\dom4j\1.6.1\dom4j-1.6.1.jar;D:\ProgramFile\maven\babasportMaven\repository\org\hibernate\common\hibernate-commons-annotations\5.0.1.Final\hibernate-commons-annotations-5.0.1.Final.jar;D:\ProgramFile\maven\babasportMaven\repository\org\hibernate\hibernate-entitymanager\5.0.12.Final\hibernate-entitymanager-5.0.12.Final.jar;D:\ProgramFile\maven\babasportMaven\repository\javax\transaction\javax.transaction-api\1.2\javax.transaction-api-1.2.jar;D:\ProgramFile\maven\babasportMaven\repository\org\springframework\data\spring-data-jpa\1.11.11.RELEASE\spring-data-jpa-1.11.11.RELEASE.jar;D:\ProgramFile\maven\babasportMaven\repository\org\springframework\spring-orm\4.3.16.RELEASE\spring-orm-4.3.16.RELEASE.jar;D:\ProgramFile\maven\babasportMaven\repository\org\springframework\spring-aspects\4.3.16.RELEASE\spring-aspects-4.3.16.RELEASE.jar;D:\ProgramFile\maven\babasportMaven\repository\org\webjars\jquery\3.4.1\jquery-3.4.1.jar;D:\ProgramFile\maven\babasportMaven\repository\org\webjars\bootstrap\4.4.1\bootstrap-4.4.1.jar;D:\ProgramFile\maven\babasportMaven\repository\org\webjars\popper.js\1.14.3\popper.js-1.14.3.jar;D:\ProgramFile\maven\babasportMaven\repository\org\webjars\npm\jquery-easyui\1.5.21\jquery-easyui-1.5.21.jar;D:\ProgramFile\maven\babasportMaven\repository\org\projectlombok\lombok\1.18.0\lombok-1.18.0.jar;D:\ProgramFile\maven\babasportMaven\repository\ch\qos\logback\logback-classic\1.2.3\logback-classic-1.2.3.jar;D:\ProgramFile\maven\babasportMaven\repository\ch\qos\logback\logback-core\1.1.11\logback-core-1.1.11.jar;D:\ProgramFile\maven\babasportMaven\repository\org\springframework\boot\spring-boot-devtools\1.5.12.RELEASE\spring-boot-devtools-1.5.12.RELEASE.jar;"/>
    <property name="java.vm.vendor" value="Oracle Corporation"/>
    <property name="sun.arch.data.model" value="64"/>
    <property name="user.variant" value=""/>
    <property name="java.vendor.url" value="http://java.oracle.com/"/>
    <property name="user.timezone" value="Asia/Shanghai"/>
    <property name="user.country.format" value="US"/>
    <property name="java.vm.specification.version" value="1.8"/>
    <property name="os.name" value="Windows 10"/>
    <property name="user.country" value="CN"/>
    <property name="sun.java.launcher" value="SUN_STANDARD"/>
    <property name="sun.boot.library.path" value="D:\ProgramFile\javee\jdk\jdk1.8\jre\bin"/>
    <property name="sun.java.command" value="C:\Users\18392\AppData\Local\Temp\surefire2967105477322445838\surefirebooter1658105862429542583.jar C:\Users\18392\AppData\Local\Temp\surefire2967105477322445838 2020-05-14T09-41-05_815-jvmRun1 surefire6907850758261567782tmp surefire_04464732133016684047tmp"/>
    <property name="surefire.test.class.path" value="E:\intellDEA\PKI\web\target\test-classes;E:\intellDEA\PKI\web\target\classes;D:\ProgramFile\maven\babasportMaven\repository\com\github\pagehelper\pagehelper\4.1.2\pagehelper-4.1.2.jar;D:\ProgramFile\maven\babasportMaven\repository\com\github\jsqlparser\jsqlparser\0.9.4\jsqlparser-0.9.4.jar;D:\ProgramFile\maven\babasportMaven\repository\org\springframework\boot\spring-boot-starter-web\1.5.12.RELEASE\spring-boot-starter-web-1.5.12.RELEASE.jar;D:\ProgramFile\maven\babasportMaven\repository\org\springframework\boot\spring-boot-starter\1.5.12.RELEASE\spring-boot-starter-1.5.12.RELEASE.jar;D:\ProgramFile\maven\babasportMaven\repository\org\yaml\snakeyaml\1.17\snakeyaml-1.17.jar;D:\ProgramFile\maven\babasportMaven\repository\org\springframework\boot\spring-boot-starter-tomcat\1.5.12.RELEASE\spring-boot-starter-tomcat-1.5.12.RELEASE.jar;D:\ProgramFile\maven\babasportMaven\repository\org\apache\tomcat\embed\tomcat-embed-core\8.5.29\tomcat-embed-core-8.5.29.jar;D:\ProgramFile\maven\babasportMaven\repository\org\apache\tomcat\tomcat-annotations-api\8.5.29\tomcat-annotations-api-8.5.29.jar;D:\ProgramFile\maven\babasportMaven\repository\org\apache\tomcat\embed\tomcat-embed-el\8.5.29\tomcat-embed-el-8.5.29.jar;D:\ProgramFile\maven\babasportMaven\repository\org\apache\tomcat\embed\tomcat-embed-websocket\8.5.29\tomcat-embed-websocket-8.5.29.jar;D:\ProgramFile\maven\babasportMaven\repository\org\hibernate\hibernate-validator\5.3.6.Final\hibernate-validator-5.3.6.Final.jar;D:\ProgramFile\maven\babasportMaven\repository\javax\validation\validation-api\1.1.0.Final\validation-api-1.1.0.Final.jar;D:\ProgramFile\maven\babasportMaven\repository\org\jboss\logging\jboss-logging\3.3.2.Final\jboss-logging-3.3.2.Final.jar;D:\ProgramFile\maven\babasportMaven\repository\com\fasterxml\classmate\1.3.4\classmate-1.3.4.jar;D:\ProgramFile\maven\babasportMaven\repository\com\fasterxml\jackson\core\jackson-databind\2.8.11.1\jackson-databind-2.8.11.1.jar;D:\ProgramFile\maven\babasportMaven\repository\com\fasterxml\jackson\core\jackson-annotations\2.8.0\jackson-annotations-2.8.0.jar;D:\ProgramFile\maven\babasportMaven\repository\com\fasterxml\jackson\core\jackson-core\2.8.11\jackson-core-2.8.11.jar;D:\ProgramFile\maven\babasportMaven\repository\org\springframework\spring-web\4.3.16.RELEASE\spring-web-4.3.16.RELEASE.jar;D:\ProgramFile\maven\babasportMaven\repository\org\springframework\spring-aop\4.3.16.RELEASE\spring-aop-4.3.16.RELEASE.jar;D:\ProgramFile\maven\babasportMaven\repository\org\springframework\spring-beans\4.3.16.RELEASE\spring-beans-4.3.16.RELEASE.jar;D:\ProgramFile\maven\babasportMaven\repository\org\springframework\spring-context\4.3.16.RELEASE\spring-context-4.3.16.RELEASE.jar;D:\ProgramFile\maven\babasportMaven\repository\org\springframework\spring-webmvc\4.3.16.RELEASE\spring-webmvc-4.3.16.RELEASE.jar;D:\ProgramFile\maven\babasportMaven\repository\org\springframework\spring-expression\4.3.16.RELEASE\spring-expression-4.3.16.RELEASE.jar;D:\ProgramFile\maven\babasportMaven\repository\org\springframework\boot\spring-boot-starter-thymeleaf\1.5.12.RELEASE\spring-boot-starter-thymeleaf-1.5.12.RELEASE.jar;D:\ProgramFile\maven\babasportMaven\repository\org\thymeleaf\thymeleaf-spring4\3.0.2.RELEASE\thymeleaf-spring4-3.0.2.RELEASE.jar;D:\ProgramFile\maven\babasportMaven\repository\org\thymeleaf\thymeleaf\3.0.2.RELEASE\thymeleaf-3.0.2.RELEASE.jar;D:\ProgramFile\maven\babasportMaven\repository\org\attoparser\attoparser\2.0.1.RELEASE\attoparser-2.0.1.RELEASE.jar;D:\ProgramFile\maven\babasportMaven\repository\org\unbescape\unbescape\1.1.4.RELEASE\unbescape-1.1.4.RELEASE.jar;D:\ProgramFile\maven\babasportMaven\repository\nz\net\ultraq\thymeleaf\thymeleaf-layout-dialect\2.1.1\thymeleaf-layout-dialect-2.1.1.jar;D:\ProgramFile\maven\babasportMaven\repository\org\codehaus\groovy\groovy\2.4.15\groovy-2.4.15.jar;D:\ProgramFile\maven\babasportMaven\repository\nz\net\ultraq\thymeleaf\thymeleaf-expression-processor\1.1.2\thymeleaf-expression-processor-1.1.2.jar;D:\ProgramFile\maven\babasportMaven\repository\org\springframework\boot\spring-boot-starter-data-ldap\1.5.12.RELEASE\spring-boot-starter-data-ldap-1.5.12.RELEASE.jar;D:\ProgramFile\maven\babasportMaven\repository\org\springframework\data\spring-data-ldap\1.0.11.RELEASE\spring-data-ldap-1.0.11.RELEASE.jar;D:\ProgramFile\maven\babasportMaven\repository\org\springframework\ldap\spring-ldap-core\2.3.2.RELEASE\spring-ldap-core-2.3.2.RELEASE.jar;D:\ProgramFile\maven\babasportMaven\repository\org\springframework\data\spring-data-commons\1.13.11.RELEASE\spring-data-commons-1.13.11.RELEASE.jar;D:\ProgramFile\maven\babasportMaven\repository\com\unboundid\unboundid-ldapsdk\3.2.1\unboundid-ldapsdk-3.2.1.jar;D:\ProgramFile\maven\babasportMaven\repository\org\apache\commons\commons-lang3\3.4\commons-lang3-3.4.jar;D:\ProgramFile\maven\babasportMaven\repository\commons-io\commons-io\2.4\commons-io-2.4.jar;D:\ProgramFile\maven\babasportMaven\repository\commons-codec\commons-codec\1.11\commons-codec-1.11.jar;D:\ProgramFile\maven\babasportMaven\repository\cn\hutool\hutool-core\4.1.13\hutool-core-4.1.13.jar;D:\ProgramFile\maven\babasportMaven\repository\com\alibaba\fastjson\1.2.48\fastjson-1.2.48.jar;E:\intellDEA\PKI\core\target\core-1.0-SNAPSHOT.jar;D:\ProgramFile\maven\babasportMaven\repository\org\bouncycastle\bcprov-jdk15on\1.60\bcprov-jdk15on-1.60.jar;D:\ProgramFile\maven\babasportMaven\repository\org\bouncycastle\bcpkix-jdk15on\1.60\bcpkix-jdk15on-1.60.jar;D:\ProgramFile\maven\babasportMaven\repository\org\slf4j\slf4j-api\1.7.25\slf4j-api-1.7.25.jar;D:\ProgramFile\maven\babasportMaven\repository\org\springframework\boot\spring-boot-starter-test\1.5.12.RELEASE\spring-boot-starter-test-1.5.12.RELEASE.jar;D:\ProgramFile\maven\babasportMaven\repository\org\springframework\boot\spring-boot-test\1.5.12.RELEASE\spring-boot-test-1.5.12.RELEASE.jar;D:\ProgramFile\maven\babasportMaven\repository\org\springframework\boot\spring-boot-test-autoconfigure\1.5.12.RELEASE\spring-boot-test-autoconfigure-1.5.12.RELEASE.jar;D:\ProgramFile\maven\babasportMaven\repository\com\jayway\jsonpath\json-path\2.2.0\json-path-2.2.0.jar;D:\ProgramFile\maven\babasportMaven\repository\net\minidev\json-smart\2.2.1\json-smart-2.2.1.jar;D:\ProgramFile\maven\babasportMaven\repository\net\minidev\accessors-smart\1.1\accessors-smart-1.1.jar;D:\ProgramFile\maven\babasportMaven\repository\org\ow2\asm\asm\5.0.3\asm-5.0.3.jar;D:\ProgramFile\maven\babasportMaven\repository\org\assertj\assertj-core\2.6.0\assertj-core-2.6.0.jar;D:\ProgramFile\maven\babasportMaven\repository\org\mockito\mockito-core\1.10.19\mockito-core-1.10.19.jar;D:\ProgramFile\maven\babasportMaven\repository\org\objenesis\objenesis\2.1\objenesis-2.1.jar;D:\ProgramFile\maven\babasportMaven\repository\org\hamcrest\hamcrest-core\1.3\hamcrest-core-1.3.jar;D:\ProgramFile\maven\babasportMaven\repository\org\hamcrest\hamcrest-library\1.3\hamcrest-library-1.3.jar;D:\ProgramFile\maven\babasportMaven\repository\org\skyscreamer\jsonassert\1.4.0\jsonassert-1.4.0.jar;D:\ProgramFile\maven\babasportMaven\repository\com\vaadin\external\google\android-json\0.0.20131108.vaadin1\android-json-0.0.20131108.vaadin1.jar;D:\ProgramFile\maven\babasportMaven\repository\org\springframework\spring-core\4.3.16.RELEASE\spring-core-4.3.16.RELEASE.jar;D:\ProgramFile\maven\babasportMaven\repository\org\springframework\spring-test\4.3.16.RELEASE\spring-test-4.3.16.RELEASE.jar;D:\ProgramFile\maven\babasportMaven\repository\junit\junit\4.13\junit-4.13.jar;D:\ProgramFile\maven\babasportMaven\repository\org\springframework\boot\spring-boot-autoconfigure\1.5.12.RELEASE\spring-boot-autoconfigure-1.5.12.RELEASE.jar;D:\ProgramFile\maven\babasportMaven\repository\org\springframework\boot\spring-boot\1.5.12.RELEASE\spring-boot-1.5.12.RELEASE.jar;D:\ProgramFile\maven\babasportMaven\repository\org\springframework\boot\spring-boot-configuration-processor\1.5.12.RELEASE\spring-boot-configuration-processor-1.5.12.RELEASE.jar;D:\ProgramFile\maven\babasportMaven\repository\org\springframework\boot\spring-boot-starter-logging\1.5.12.RELEASE\spring-boot-starter-logging-1.5.12.RELEASE.jar;D:\ProgramFile\maven\babasportMaven\repository\org\slf4j\jcl-over-slf4j\1.7.25\jcl-over-slf4j-1.7.25.jar;D:\ProgramFile\maven\babasportMaven\repository\org\slf4j\jul-to-slf4j\1.7.25\jul-to-slf4j-1.7.25.jar;D:\ProgramFile\maven\babasportMaven\repository\org\slf4j\log4j-over-slf4j\1.7.25\log4j-over-slf4j-1.7.25.jar;D:\ProgramFile\maven\babasportMaven\repository\mysql\mysql-connector-java\5.1.46\mysql-connector-java-5.1.46.jar;D:\ProgramFile\maven\babasportMaven\repository\org\springframework\boot\spring-boot-starter-jdbc\1.5.12.RELEASE\spring-boot-starter-jdbc-1.5.12.RELEASE.jar;D:\ProgramFile\maven\babasportMaven\repository\org\apache\tomcat\tomcat-jdbc\8.5.29\tomcat-jdbc-8.5.29.jar;D:\ProgramFile\maven\babasportMaven\repository\org\apache\tomcat\tomcat-juli\8.5.29\tomcat-juli-8.5.29.jar;D:\ProgramFile\maven\babasportMaven\repository\org\springframework\spring-jdbc\4.3.16.RELEASE\spring-jdbc-4.3.16.RELEASE.jar;D:\ProgramFile\maven\babasportMaven\repository\org\springframework\spring-tx\4.3.16.RELEASE\spring-tx-4.3.16.RELEASE.jar;D:\ProgramFile\maven\babasportMaven\repository\org\springframework\boot\spring-boot-starter-data-jpa\1.5.12.RELEASE\spring-boot-starter-data-jpa-1.5.12.RELEASE.jar;D:\ProgramFile\maven\babasportMaven\repository\org\springframework\boot\spring-boot-starter-aop\1.5.12.RELEASE\spring-boot-starter-aop-1.5.12.RELEASE.jar;D:\ProgramFile\maven\babasportMaven\repository\org\aspectj\aspectjweaver\1.8.13\aspectjweaver-1.8.13.jar;D:\ProgramFile\maven\babasportMaven\repository\org\hibernate\hibernate-core\5.0.12.Final\hibernate-core-5.0.12.Final.jar;D:\ProgramFile\maven\babasportMaven\repository\org\hibernate\javax\persistence\hibernate-jpa-2.1-api\1.0.0.Final\hibernate-jpa-2.1-api-1.0.0.Final.jar;D:\ProgramFile\maven\babasportMaven\repository\org\javassist\javassist\3.21.0-GA\javassist-3.21.0-GA.jar;D:\ProgramFile\maven\babasportMaven\repository\antlr\antlr\2.7.7\antlr-2.7.7.jar;D:\ProgramFile\maven\babasportMaven\repository\org\jboss\jandex\2.0.0.Final\jandex-2.0.0.Final.jar;D:\ProgramFile\maven\babasportMaven\repository\dom4j\dom4j\1.6.1\dom4j-1.6.1.jar;D:\ProgramFile\maven\babasportMaven\repository\org\hibernate\common\hibernate-commons-annotations\5.0.1.Final\hibernate-commons-annotations-5.0.1.Final.jar;D:\ProgramFile\maven\babasportMaven\repository\org\hibernate\hibernate-entitymanager\5.0.12.Final\hibernate-entitymanager-5.0.12.Final.jar;D:\ProgramFile\maven\babasportMaven\repository\javax\transaction\javax.transaction-api\1.2\javax.transaction-api-1.2.jar;D:\ProgramFile\maven\babasportMaven\repository\org\springframework\data\spring-data-jpa\1.11.11.RELEASE\spring-data-jpa-1.11.11.RELEASE.jar;D:\ProgramFile\maven\babasportMaven\repository\org\springframework\spring-orm\4.3.16.RELEASE\spring-orm-4.3.16.RELEASE.jar;D:\ProgramFile\maven\babasportMaven\repository\org\springframework\spring-aspects\4.3.16.RELEASE\spring-aspects-4.3.16.RELEASE.jar;D:\ProgramFile\maven\babasportMaven\repository\org\webjars\jquery\3.4.1\jquery-3.4.1.jar;D:\ProgramFile\maven\babasportMaven\repository\org\webjars\bootstrap\4.4.1\bootstrap-4.4.1.jar;D:\ProgramFile\maven\babasportMaven\repository\org\webjars\popper.js\1.14.3\popper.js-1.14.3.jar;D:\ProgramFile\maven\babasportMaven\repository\org\webjars\npm\jquery-easyui\1.5.21\jquery-easyui-1.5.21.jar;D:\ProgramFile\maven\babasportMaven\repository\org\projectlombok\lombok\1.18.0\lombok-1.18.0.jar;D:\ProgramFile\maven\babasportMaven\repository\ch\qos\logback\logback-classic\1.2.3\logback-classic-1.2.3.jar;D:\ProgramFile\maven\babasportMaven\repository\ch\qos\logback\logback-core\1.1.11\logback-core-1.1.11.jar;D:\ProgramFile\maven\babasportMaven\repository\org\springframework\boot\spring-boot-devtools\1.5.12.RELEASE\spring-boot-devtools-1.5.12.RELEASE.jar;"/>
    <property name="sun.cpu.endian" value="little"/>
    <property name="user.home" value="C:\Users\18392"/>
    <property name="user.language" value="zh"/>
    <property name="java.specification.vendor" value="Oracle Corporation"/>
    <property name="java.home" value="D:\ProgramFile\javee\jdk\jdk1.8\jre"/>
    <property name="basedir" value="E:\intellDEA\PKI\web"/>
    <property name="file.separator" value="\"/>
    <property name="line.separator" value="&#10;"/>
    <property name="java.vm.specification.vendor" value="Oracle Corporation"/>
    <property name="java.specification.name" value="Java Platform API Specification"/>
    <property name="java.awt.graphicsenv" value="sun.awt.Win32GraphicsEnvironment"/>
    <property name="surefire.real.class.path" value="C:\Users\18392\AppData\Local\Temp\surefire2967105477322445838\surefirebooter1658105862429542583.jar"/>
    <property name="sun.boot.class.path" value="D:\ProgramFile\javee\jdk\jdk1.8\jre\lib\resources.jar;D:\ProgramFile\javee\jdk\jdk1.8\jre\lib\rt.jar;D:\ProgramFile\javee\jdk\jdk1.8\jre\lib\sunrsasign.jar;D:\ProgramFile\javee\jdk\jdk1.8\jre\lib\jsse.jar;D:\ProgramFile\javee\jdk\jdk1.8\jre\lib\jce.jar;D:\ProgramFile\javee\jdk\jdk1.8\jre\lib\charsets.jar;D:\ProgramFile\javee\jdk\jdk1.8\jre\lib\jfr.jar;D:\ProgramFile\javee\jdk\jdk1.8\jre\classes"/>
    <property name="user.script" value=""/>
    <property name="sun.management.compiler" value="HotSpot 64-Bit Tiered Compilers"/>
    <property name="java.runtime.version" value="1.8.0_191-b12"/>
    <property name="user.name" value="18392"/>
    <property name="path.separator" value=";"/>
    <property name="os.version" value="10.0"/>
    <property name="java.endorsed.dirs" value="D:\ProgramFile\javee\jdk\jdk1.8\jre\lib\endorsed"/>
    <property name="java.runtime.name" value="Java(TM) SE Runtime Environment"/>
    <property name="file.encoding" value="GBK"/>
    <property name="java.vm.name" value="Java HotSpot(TM) 64-Bit Server VM"/>
    <property name="localRepository" value="D:\ProgramFile\maven\babasportMaven\repository"/>
    <property name="java.vendor.url.bug" value="http://bugreport.sun.com/bugreport/"/>
    <property name="java.io.tmpdir" value="C:\Users\18392\AppData\Local\Temp\"/>
    <property name="idea.version" value="2017.3.4"/>
    <property name="java.version" value="1.8.0_191"/>
    <property name="user.dir" value="E:\intellDEA\PKI\web"/>
    <property name="os.arch" value="amd64"/>
    <property name="java.vm.specification.name" value="Java Virtual Machine Specification"/>
    <property name="java.awt.printerjob" value="sun.awt.windows.WPrinterJob"/>
    <property name="user.language.format" value="en"/>
    <property name="sun.os.patch.level" value=""/>
    <property name="java.library.path" value="D:\ProgramFile\javee\jdk\jdk1.8\jre\bin;C:\WINDOWS\Sun\Java\bin;C:\WINDOWS\system32;C:\WINDOWS;C:\Program Files (x86)\Common Files\Oracle\Java\javapath;C:\Program Files (x86)\Intel\iCLS Client\;C:\Program Files\Intel\iCLS Client\;C:\WINDOWS\system32;C:\WINDOWS;C:\WINDOWS\System32\Wbem;C:\WINDOWS\System32\WindowsPowerShell\v1.0\;C:\Program Files (x86)\Intel\Intel(R) Management Engine Components\DAL;C:\Program Files\Intel\Intel(R) Management Engine Components\DAL;C:\Program Files (x86)\Intel\Intel(R) Management Engine Components\IPT;C:\Program Files\Intel\Intel(R) Management Engine Components\IPT;D:\ProgramFile\go\bin;E:\gopath\bin;D:\ProgramFile\javee\jdk\jdk1.8\bin;D:\ProgramFile\javee\jre9\bin;D:\ProgramFile\nodejs\;D:\ProgramFile\maven\maven3\bin;D:\ProgramFile\javee\mysql5.7\bin;C:\WINDOWS\System32\OpenSSH\;C:\Program Files\Intel\WiFi\bin\;C:\Program Files\Common Files\Intel\WirelessCommon\;C:\Program Files\Microsoft SQL Server\130\Tools\Binn\;C:\mingw_tools\MinGW\bin;F:\SoftWare\Vmware;D:\VirtualBox;%GRADLE_HOME%\bin;D:\anaconda\Library\bin;D:\ProgramFile\javee\groovy\groovy-3.0.2\bin;C:\Users\18392\AppData\Local\Microsoft\WindowsApps;C:\Program Files\Bandizip\;C:\latex\latex\textlive\bin\win32;C:\texlive\2018\bin\win32;C:\Users\18392\AppData\Local\atom\bin;C:\Users\18392\AppData\Roaming\npm;C:\Users\18392\AppData\Local\Microsoft\WindowsApps;;D:\ProgramFile\vscode\Microsoft VS Code\bin;."/>
    <property name="java.vm.info" value="mixed mode"/>
    <property name="java.vendor" value="Oracle Corporation"/>
    <property name="java.vm.version" value="25.191-b12"/>
    <property name="java.ext.dirs" value="D:\ProgramFile\javee\jdk\jdk1.8\jre\lib\ext;C:\WINDOWS\Sun\Java\lib\ext"/>
    <property name="sun.io.unicode.encoding" value="UnicodeLittle"/>
    <property name="java.class.version" value="52.0"/>
  </properties>
  <testcase name="testQuery" classname="com.taoyuanx.test.LDAPTest" time="0.065"/>
  <testcase name="query1" classname="com.taoyuanx.test.LDAPTest" time="0.057"/>
  <testcase name="query2" classname="com.taoyuanx.test.LDAPTest" time="0.032"/>
  <testcase name="query3" classname="com.taoyuanx.test.LDAPTest" time="0.086"/>
  <testcase name="query4" classname="com.taoyuanx.test.LDAPTest" time="0.039"/>
  <testcase name="query5" classname="com.taoyuanx.test.LDAPTest" time="0.031"/>
  <testcase name="query7" classname="com.taoyuanx.test.LDAPTest" time="0.033"/>
  <testcase name="update" classname="com.taoyuanx.test.LDAPTest" time="0.029"/>
  <testcase name="Add" classname="com.taoyuanx.test.LDAPTest" time="0.03">
    <error message="[LDAP: error code 68 - Entry Already Exists]; nested exception is javax.naming.NameAlreadyBoundException: [LDAP: error code 68 - Entry Already Exists]; remaining name &apos;cn=Aiden Ning,ou=xianyu&apos;" type="org.springframework.ldap.NameAlreadyBoundException">org.springframework.ldap.NameAlreadyBoundException: [LDAP: error code 68 - Entry Already Exists]; nested exception is javax.naming.NameAlreadyBoundException: [LDAP: error code 68 - Entry Already Exists]; remaining name 'cn=Aiden Ning,ou=xianyu'
	at com.taoyuanx.test.LDAPTest.Add(LDAPTest.java:234)
Caused by: javax.naming.NameAlreadyBoundException: [LDAP: error code 68 - Entry Already Exists]
	at com.taoyuanx.test.LDAPTest.Add(LDAPTest.java:234)
</error>
    <system-out><![CDATA[2020-05-14 09:41:46.970 [main] DEBUG o.s.test.annotation.ProfileValueUtils -
				Retrieved @ProfileValueSourceConfiguration [null] for test class [com.taoyuanx.test.LDAPTest]
2020-05-14 09:41:46.970 [main] DEBUG o.s.test.annotation.ProfileValueUtils -
				Retrieved ProfileValueSource type [class org.springframework.test.annotation.SystemProfileValueSource] for class [com.taoyuanx.test.LDAPTest]
2020-05-14 09:41:46.970 [main] DEBUG o.s.t.c.c.DefaultCacheAwareContextLoaderDelegate -
				Retrieved ApplicationContext from cache with key [[WebMergedContextConfiguration@5ec3689b testClass = LDAPTest, locations = '{}', classes = '{class nudt.web.AppServerApplication, class nudt.web.AppServerApplication}', contextInitializerClasses = '[]', activeProfiles = '{}', propertySourceLocations = '{}', propertySourceProperties = '{org.springframework.boot.test.context.SpringBootTestContextBootstrapper=true}', contextCustomizers = set[org.springframework.boot.test.context.SpringBootTestContextCustomizer@3b2c72c2, org.springframework.boot.test.context.filter.ExcludeFilterContextCustomizer@971d0d8, org.springframework.boot.test.json.DuplicateJsonObjectContextCustomizerFactory$DuplicateJsonObjectContextCustomizer@564718df, org.springframework.boot.test.mock.mockito.MockitoContextCustomizer@0, org.springframework.boot.test.autoconfigure.properties.PropertyMappingContextCustomizer@0, org.springframework.boot.test.autoconfigure.web.servlet.WebDriverContextCustomizerFactory$Customizer@5d47c63f], resourceBasePath = 'src/main/webapp', contextLoader = 'org.springframework.boot.test.context.SpringBootContextLoader', parent = [null]]]
2020-05-14 09:41:46.970 [main] DEBUG org.springframework.test.context.cache -
				Spring test ApplicationContext cache statistics: [DefaultContextCache@5f8d4b51 size = 1, maxSize = 32, parentContextCount = 0, hitCount = 73, missCount = 1]
2020-05-14 09:41:46.970 [main] DEBUG o.s.test.context.web.ServletTestExecutionListener -
				Setting up MockHttpServletRequest, MockHttpServletResponse, ServletWebRequest, and RequestContextHolder for test context [DefaultTestContext@1ddc889b testClass = LDAPTest, testInstance = com.taoyuanx.test.LDAPTest@1a22c1ba, testMethod = [null], testException = [null], mergedContextConfiguration = [WebMergedContextConfiguration@5ec3689b testClass = LDAPTest, locations = '{}', classes = '{class nudt.web.AppServerApplication, class nudt.web.AppServerApplication}', contextInitializerClasses = '[]', activeProfiles = '{}', propertySourceLocations = '{}', propertySourceProperties = '{org.springframework.boot.test.context.SpringBootTestContextBootstrapper=true}', contextCustomizers = set[org.springframework.boot.test.context.SpringBootTestContextCustomizer@3b2c72c2, org.springframework.boot.test.context.filter.ExcludeFilterContextCustomizer@971d0d8, org.springframework.boot.test.json.DuplicateJsonObjectContextCustomizerFactory$DuplicateJsonObjectContextCustomizer@564718df, org.springframework.boot.test.mock.mockito.MockitoContextCustomizer@0, org.springframework.boot.test.autoconfigure.properties.PropertyMappingContextCustomizer@0, org.springframework.boot.test.autoconfigure.web.servlet.WebDriverContextCustomizerFactory$Customizer@5d47c63f], resourceBasePath = 'src/main/webapp', contextLoader = 'org.springframework.boot.test.context.SpringBootContextLoader', parent = [null]]].
2020-05-14 09:41:46.970 [main] DEBUG o.s.t.c.s.DependencyInjectionTestExecutionListener -
				Performing dependency injection for test context [[DefaultTestContext@1ddc889b testClass = LDAPTest, testInstance = com.taoyuanx.test.LDAPTest@1a22c1ba, testMethod = [null], testException = [null], mergedContextConfiguration = [WebMergedContextConfiguration@5ec3689b testClass = LDAPTest, locations = '{}', classes = '{class nudt.web.AppServerApplication, class nudt.web.AppServerApplication}', contextInitializerClasses = '[]', activeProfiles = '{}', propertySourceLocations = '{}', propertySourceProperties = '{org.springframework.boot.test.context.SpringBootTestContextBootstrapper=true}', contextCustomizers = set[org.springframework.boot.test.context.SpringBootTestContextCustomizer@3b2c72c2, org.springframework.boot.test.context.filter.ExcludeFilterContextCustomizer@971d0d8, org.springframework.boot.test.json.DuplicateJsonObjectContextCustomizerFactory$DuplicateJsonObjectContextCustomizer@564718df, org.springframework.boot.test.mock.mockito.MockitoContextCustomizer@0, org.springframework.boot.test.autoconfigure.properties.PropertyMappingContextCustomizer@0, org.springframework.boot.test.autoconfigure.web.servlet.WebDriverContextCustomizerFactory$Customizer@5d47c63f], resourceBasePath = 'src/main/webapp', contextLoader = 'org.springframework.boot.test.context.SpringBootContextLoader', parent = [null]]]].
2020-05-14 09:41:46.970 [main] DEBUG o.s.t.c.c.DefaultCacheAwareContextLoaderDelegate -
				Retrieved ApplicationContext from cache with key [[WebMergedContextConfiguration@5ec3689b testClass = LDAPTest, locations = '{}', classes = '{class nudt.web.AppServerApplication, class nudt.web.AppServerApplication}', contextInitializerClasses = '[]', activeProfiles = '{}', propertySourceLocations = '{}', propertySourceProperties = '{org.springframework.boot.test.context.SpringBootTestContextBootstrapper=true}', contextCustomizers = set[org.springframework.boot.test.context.SpringBootTestContextCustomizer@3b2c72c2, org.springframework.boot.test.context.filter.ExcludeFilterContextCustomizer@971d0d8, org.springframework.boot.test.json.DuplicateJsonObjectContextCustomizerFactory$DuplicateJsonObjectContextCustomizer@564718df, org.springframework.boot.test.mock.mockito.MockitoContextCustomizer@0, org.springframework.boot.test.autoconfigure.properties.PropertyMappingContextCustomizer@0, org.springframework.boot.test.autoconfigure.web.servlet.WebDriverContextCustomizerFactory$Customizer@5d47c63f], resourceBasePath = 'src/main/webapp', contextLoader = 'org.springframework.boot.test.context.SpringBootContextLoader', parent = [null]]]
2020-05-14 09:41:46.970 [main] DEBUG org.springframework.test.context.cache -
				Spring test ApplicationContext cache statistics: [DefaultContextCache@5f8d4b51 size = 1, maxSize = 32, parentContextCount = 0, hitCount = 74, missCount = 1]
2020-05-14 09:41:46.970 [main] DEBUG o.s.beans.factory.annotation.InjectionMetadata -
				Processing injected element of bean 'com.taoyuanx.test.LDAPTest': AutowiredFieldElement for org.springframework.context.ApplicationContext com.taoyuanx.test.LDAPTest.ioc
2020-05-14 09:41:46.971 [main] DEBUG o.s.beans.factory.annotation.InjectionMetadata -
				Processing injected element of bean 'com.taoyuanx.test.LDAPTest': AutowiredFieldElement for org.springframework.ldap.core.LdapTemplate com.taoyuanx.test.LDAPTest.ldapTemplate
2020-05-14 09:41:46.971 [main] DEBUG o.s.b.factory.support.DefaultListableBeanFactory -
				Returning cached instance of singleton bean 'ldapTemplate'
2020-05-14 09:41:46.971 [main] DEBUG o.s.beans.factory.annotation.InjectionMetadata -
				Processing injected element of bean 'com.taoyuanx.test.LDAPTest': AutowiredFieldElement for nudt.web.service.CertService com.taoyuanx.test.LDAPTest.certService
2020-05-14 09:41:46.971 [main] DEBUG o.s.b.factory.support.DefaultListableBeanFactory -
				Returning cached instance of singleton bean 'certServiceImpl'
2020-05-14 09:41:46.971 [main] DEBUG o.s.t.c.s.AbstractDirtiesContextTestExecutionListener -
				Before test method: context [DefaultTestContext@1ddc889b testClass = LDAPTest, testInstance = com.taoyuanx.test.LDAPTest@1a22c1ba, testMethod = Add@LDAPTest, testException = [null], mergedContextConfiguration = [WebMergedContextConfiguration@5ec3689b testClass = LDAPTest, locations = '{}', classes = '{class nudt.web.AppServerApplication, class nudt.web.AppServerApplication}', contextInitializerClasses = '[]', activeProfiles = '{}', propertySourceLocations = '{}', propertySourceProperties = '{org.springframework.boot.test.context.SpringBootTestContextBootstrapper=true}', contextCustomizers = set[org.springframework.boot.test.context.SpringBootTestContextCustomizer@3b2c72c2, org.springframework.boot.test.context.filter.ExcludeFilterContextCustomizer@971d0d8, org.springframework.boot.test.json.DuplicateJsonObjectContextCustomizerFactory$DuplicateJsonObjectContextCustomizer@564718df, org.springframework.boot.test.mock.mockito.MockitoContextCustomizer@0, org.springframework.boot.test.autoconfigure.properties.PropertyMappingContextCustomizer@0, org.springframework.boot.test.autoconfigure.web.servlet.WebDriverContextCustomizerFactory$Customizer@5d47c63f], resourceBasePath = 'src/main/webapp', contextLoader = 'org.springframework.boot.test.context.SpringBootContextLoader', parent = [null]]], class annotated with @DirtiesContext [false] with mode [null], method annotated with @DirtiesContext [false] with mode [null].
2020-05-14 09:41:46.971 [main] DEBUG o.s.t.c.c.DefaultCacheAwareContextLoaderDelegate -
				Retrieved ApplicationContext from cache with key [[WebMergedContextConfiguration@5ec3689b testClass = LDAPTest, locations = '{}', classes = '{class nudt.web.AppServerApplication, class nudt.web.AppServerApplication}', contextInitializerClasses = '[]', activeProfiles = '{}', propertySourceLocations = '{}', propertySourceProperties = '{org.springframework.boot.test.context.SpringBootTestContextBootstrapper=true}', contextCustomizers = set[org.springframework.boot.test.context.SpringBootTestContextCustomizer@3b2c72c2, org.springframework.boot.test.context.filter.ExcludeFilterContextCustomizer@971d0d8, org.springframework.boot.test.json.DuplicateJsonObjectContextCustomizerFactory$DuplicateJsonObjectContextCustomizer@564718df, org.springframework.boot.test.mock.mockito.MockitoContextCustomizer@0, org.springframework.boot.test.autoconfigure.properties.PropertyMappingContextCustomizer@0, org.springframework.boot.test.autoconfigure.web.servlet.WebDriverContextCustomizerFactory$Customizer@5d47c63f], resourceBasePath = 'src/main/webapp', contextLoader = 'org.springframework.boot.test.context.SpringBootContextLoader', parent = [null]]]
2020-05-14 09:41:46.971 [main] DEBUG org.springframework.test.context.cache -
				Spring test ApplicationContext cache statistics: [DefaultContextCache@5f8d4b51 size = 1, maxSize = 32, parentContextCount = 0, hitCount = 75, missCount = 1]
2020-05-14 09:41:46.972 [main] DEBUG o.s.b.factory.support.DefaultListableBeanFactory -
				Returning cached instance of singleton bean 'org.springframework.boot.test.mock.mockito.MockitoBeans'
2020-05-14 09:41:46.979 [main] DEBUG o.s.ldap.core.support.AbstractContextSource -
				Got Ldap context on server 'ldap://172.20.10.9:389/dc=zfc,dc=com'
2020-05-14 09:41:46.981 [main] DEBUG o.s.t.c.c.DefaultCacheAwareContextLoaderDelegate -
				Retrieved ApplicationContext from cache with key [[WebMergedContextConfiguration@5ec3689b testClass = LDAPTest, locations = '{}', classes = '{class nudt.web.AppServerApplication, class nudt.web.AppServerApplication}', contextInitializerClasses = '[]', activeProfiles = '{}', propertySourceLocations = '{}', propertySourceProperties = '{org.springframework.boot.test.context.SpringBootTestContextBootstrapper=true}', contextCustomizers = set[org.springframework.boot.test.context.SpringBootTestContextCustomizer@3b2c72c2, org.springframework.boot.test.context.filter.ExcludeFilterContextCustomizer@971d0d8, org.springframework.boot.test.json.DuplicateJsonObjectContextCustomizerFactory$DuplicateJsonObjectContextCustomizer@564718df, org.springframework.boot.test.mock.mockito.MockitoContextCustomizer@0, org.springframework.boot.test.autoconfigure.properties.PropertyMappingContextCustomizer@0, org.springframework.boot.test.autoconfigure.web.servlet.WebDriverContextCustomizerFactory$Customizer@5d47c63f], resourceBasePath = 'src/main/webapp', contextLoader = 'org.springframework.boot.test.context.SpringBootContextLoader', parent = [null]]]
2020-05-14 09:41:46.982 [main] DEBUG org.springframework.test.context.cache -
				Spring test ApplicationContext cache statistics: [DefaultContextCache@5f8d4b51 size = 1, maxSize = 32, parentContextCount = 0, hitCount = 76, missCount = 1]
2020-05-14 09:41:46.982 [main] DEBUG o.s.t.c.c.DefaultCacheAwareContextLoaderDelegate -
				Retrieved ApplicationContext from cache with key [[WebMergedContextConfiguration@5ec3689b testClass = LDAPTest, locations = '{}', classes = '{class nudt.web.AppServerApplication, class nudt.web.AppServerApplication}', contextInitializerClasses = '[]', activeProfiles = '{}', propertySourceLocations = '{}', propertySourceProperties = '{org.springframework.boot.test.context.SpringBootTestContextBootstrapper=true}', contextCustomizers = set[org.springframework.boot.test.context.SpringBootTestContextCustomizer@3b2c72c2, org.springframework.boot.test.context.filter.ExcludeFilterContextCustomizer@971d0d8, org.springframework.boot.test.json.DuplicateJsonObjectContextCustomizerFactory$DuplicateJsonObjectContextCustomizer@564718df, org.springframework.boot.test.mock.mockito.MockitoContextCustomizer@0, org.springframework.boot.test.autoconfigure.properties.PropertyMappingContextCustomizer@0, org.springframework.boot.test.autoconfigure.web.servlet.WebDriverContextCustomizerFactory$Customizer@5d47c63f], resourceBasePath = 'src/main/webapp', contextLoader = 'org.springframework.boot.test.context.SpringBootContextLoader', parent = [null]]]
2020-05-14 09:41:46.982 [main] DEBUG org.springframework.test.context.cache -
				Spring test ApplicationContext cache statistics: [DefaultContextCache@5f8d4b51 size = 1, maxSize = 32, parentContextCount = 0, hitCount = 77, missCount = 1]
2020-05-14 09:41:46.982 [main] DEBUG o.s.t.c.c.DefaultCacheAwareContextLoaderDelegate -
				Retrieved ApplicationContext from cache with key [[WebMergedContextConfiguration@5ec3689b testClass = LDAPTest, locations = '{}', classes = '{class nudt.web.AppServerApplication, class nudt.web.AppServerApplication}', contextInitializerClasses = '[]', activeProfiles = '{}', propertySourceLocations = '{}', propertySourceProperties = '{org.springframework.boot.test.context.SpringBootTestContextBootstrapper=true}', contextCustomizers = set[org.springframework.boot.test.context.SpringBootTestContextCustomizer@3b2c72c2, org.springframework.boot.test.context.filter.ExcludeFilterContextCustomizer@971d0d8, org.springframework.boot.test.json.DuplicateJsonObjectContextCustomizerFactory$DuplicateJsonObjectContextCustomizer@564718df, org.springframework.boot.test.mock.mockito.MockitoContextCustomizer@0, org.springframework.boot.test.autoconfigure.properties.PropertyMappingContextCustomizer@0, org.springframework.boot.test.autoconfigure.web.servlet.WebDriverContextCustomizerFactory$Customizer@5d47c63f], resourceBasePath = 'src/main/webapp', contextLoader = 'org.springframework.boot.test.context.SpringBootContextLoader', parent = [null]]]
2020-05-14 09:41:46.982 [main] DEBUG org.springframework.test.context.cache -
				Spring test ApplicationContext cache statistics: [DefaultContextCache@5f8d4b51 size = 1, maxSize = 32, parentContextCount = 0, hitCount = 78, missCount = 1]
2020-05-14 09:41:46.985 [main] DEBUG o.s.t.c.c.DefaultCacheAwareContextLoaderDelegate -
				Retrieved ApplicationContext from cache with key [[WebMergedContextConfiguration@5ec3689b testClass = LDAPTest, locations = '{}', classes = '{class nudt.web.AppServerApplication, class nudt.web.AppServerApplication}', contextInitializerClasses = '[]', activeProfiles = '{}', propertySourceLocations = '{}', propertySourceProperties = '{org.springframework.boot.test.context.SpringBootTestContextBootstrapper=true}', contextCustomizers = set[org.springframework.boot.test.context.SpringBootTestContextCustomizer@3b2c72c2, org.springframework.boot.test.context.filter.ExcludeFilterContextCustomizer@971d0d8, org.springframework.boot.test.json.DuplicateJsonObjectContextCustomizerFactory$DuplicateJsonObjectContextCustomizer@564718df, org.springframework.boot.test.mock.mockito.MockitoContextCustomizer@0, org.springframework.boot.test.autoconfigure.properties.PropertyMappingContextCustomizer@0, org.springframework.boot.test.autoconfigure.web.servlet.WebDriverContextCustomizerFactory$Customizer@5d47c63f], resourceBasePath = 'src/main/webapp', contextLoader = 'org.springframework.boot.test.context.SpringBootContextLoader', parent = [null]]]
2020-05-14 09:41:46.985 [main] DEBUG org.springframework.test.context.cache -
				Spring test ApplicationContext cache statistics: [DefaultContextCache@5f8d4b51 size = 1, maxSize = 32, parentContextCount = 0, hitCount = 79, missCount = 1]
2020-05-14 09:41:46.985 [main] DEBUG o.s.b.factory.support.DefaultListableBeanFactory -
				Returning cached instance of singleton bean 'org.springframework.boot.test.mock.mockito.MockitoBeans'
2020-05-14 09:41:46.985 [main] DEBUG o.s.t.c.s.AbstractDirtiesContextTestExecutionListener -
				After test method: context [DefaultTestContext@1ddc889b testClass = LDAPTest, testInstance = com.taoyuanx.test.LDAPTest@1a22c1ba, testMethod = Add@LDAPTest, testException = org.springframework.ldap.NameAlreadyBoundException: [LDAP: error code 68 - Entry Already Exists]; nested exception is javax.naming.NameAlreadyBoundException: [LDAP: error code 68 - Entry Already Exists]; remaining name 'cn=Aiden Ning,ou=xianyu', mergedContextConfiguration = [WebMergedContextConfiguration@5ec3689b testClass = LDAPTest, locations = '{}', classes = '{class nudt.web.AppServerApplication, class nudt.web.AppServerApplication}', contextInitializerClasses = '[]', activeProfiles = '{}', propertySourceLocations = '{}', propertySourceProperties = '{org.springframework.boot.test.context.SpringBootTestContextBootstrapper=true}', contextCustomizers = set[org.springframework.boot.test.context.SpringBootTestContextCustomizer@3b2c72c2, org.springframework.boot.test.context.filter.ExcludeFilterContextCustomizer@971d0d8, org.springframework.boot.test.json.DuplicateJsonObjectContextCustomizerFactory$DuplicateJsonObjectContextCustomizer@564718df, org.springframework.boot.test.mock.mockito.MockitoContextCustomizer@0, org.springframework.boot.test.autoconfigure.properties.PropertyMappingContextCustomizer@0, org.springframework.boot.test.autoconfigure.web.servlet.WebDriverContextCustomizerFactory$Customizer@5d47c63f], resourceBasePath = 'src/main/webapp', contextLoader = 'org.springframework.boot.test.context.SpringBootContextLoader', parent = [null]]], class annotated with @DirtiesContext [false] with mode [null], method annotated with @DirtiesContext [false] with mode [null].
2020-05-14 09:41:46.986 [main] DEBUG o.s.test.context.web.ServletTestExecutionListener -
				Resetting RequestContextHolder for test context [DefaultTestContext@1ddc889b testClass = LDAPTest, testInstance = com.taoyuanx.test.LDAPTest@1a22c1ba, testMethod = Add@LDAPTest, testException = org.springframework.ldap.NameAlreadyBoundException: [LDAP: error code 68 - Entry Already Exists]; nested exception is javax.naming.NameAlreadyBoundException: [LDAP: error code 68 - Entry Already Exists]; remaining name 'cn=Aiden Ning,ou=xianyu', mergedContextConfiguration = [WebMergedContextConfiguration@5ec3689b testClass = LDAPTest, locations = '{}', classes = '{class nudt.web.AppServerApplication, class nudt.web.AppServerApplication}', contextInitializerClasses = '[]', activeProfiles = '{}', propertySourceLocations = '{}', propertySourceProperties = '{org.springframework.boot.test.context.SpringBootTestContextBootstrapper=true}', contextCustomizers = set[org.springframework.boot.test.context.SpringBootTestContextCustomizer@3b2c72c2, org.springframework.boot.test.context.filter.ExcludeFilterContextCustomizer@971d0d8, org.springframework.boot.test.json.DuplicateJsonObjectContextCustomizerFactory$DuplicateJsonObjectContextCustomizer@564718df, org.springframework.boot.test.mock.mockito.MockitoContextCustomizer@0, org.springframework.boot.test.autoconfigure.properties.PropertyMappingContextCustomizer@0, org.springframework.boot.test.autoconfigure.web.servlet.WebDriverContextCustomizerFactory$Customizer@5d47c63f], resourceBasePath = 'src/main/webapp', contextLoader = 'org.springframework.boot.test.context.SpringBootContextLoader', parent = [null]]].
]]></system-out>
  </testcase>
  <testcase name="Add2" classname="com.taoyuanx.test.LDAPTest" time="0.031">
    <error message="[LDAP: error code 68 - Entry Already Exists]; nested exception is javax.naming.NameAlreadyBoundException: [LDAP: error code 68 - Entry Already Exists]; remaining name &apos;ou=Ant Forest,ou=taobao&apos;" type="org.springframework.ldap.NameAlreadyBoundException">org.springframework.ldap.NameAlreadyBoundException: [LDAP: error code 68 - Entry Already Exists]; nested exception is javax.naming.NameAlreadyBoundException: [LDAP: error code 68 - Entry Already Exists]; remaining name 'ou=Ant Forest,ou=taobao'
	at com.taoyuanx.test.LDAPTest.Add2(LDAPTest.java:273)
Caused by: javax.naming.NameAlreadyBoundException: [LDAP: error code 68 - Entry Already Exists]
	at com.taoyuanx.test.LDAPTest.Add2(LDAPTest.java:273)
</error>
    <system-out><![CDATA[2020-05-14 09:41:46.986 [main] DEBUG o.s.test.annotation.ProfileValueUtils -
				Retrieved @ProfileValueSourceConfiguration [null] for test class [com.taoyuanx.test.LDAPTest]
2020-05-14 09:41:46.986 [main] DEBUG o.s.test.annotation.ProfileValueUtils -
				Retrieved ProfileValueSource type [class org.springframework.test.annotation.SystemProfileValueSource] for class [com.taoyuanx.test.LDAPTest]
2020-05-14 09:41:46.987 [main] DEBUG o.s.t.c.c.DefaultCacheAwareContextLoaderDelegate -
				Retrieved ApplicationContext from cache with key [[WebMergedContextConfiguration@5ec3689b testClass = LDAPTest, locations = '{}', classes = '{class nudt.web.AppServerApplication, class nudt.web.AppServerApplication}', contextInitializerClasses = '[]', activeProfiles = '{}', propertySourceLocations = '{}', propertySourceProperties = '{org.springframework.boot.test.context.SpringBootTestContextBootstrapper=true}', contextCustomizers = set[org.springframework.boot.test.context.SpringBootTestContextCustomizer@3b2c72c2, org.springframework.boot.test.context.filter.ExcludeFilterContextCustomizer@971d0d8, org.springframework.boot.test.json.DuplicateJsonObjectContextCustomizerFactory$DuplicateJsonObjectContextCustomizer@564718df, org.springframework.boot.test.mock.mockito.MockitoContextCustomizer@0, org.springframework.boot.test.autoconfigure.properties.PropertyMappingContextCustomizer@0, org.springframework.boot.test.autoconfigure.web.servlet.WebDriverContextCustomizerFactory$Customizer@5d47c63f], resourceBasePath = 'src/main/webapp', contextLoader = 'org.springframework.boot.test.context.SpringBootContextLoader', parent = [null]]]
2020-05-14 09:41:46.987 [main] DEBUG org.springframework.test.context.cache -
				Spring test ApplicationContext cache statistics: [DefaultContextCache@5f8d4b51 size = 1, maxSize = 32, parentContextCount = 0, hitCount = 80, missCount = 1]
2020-05-14 09:41:46.987 [main] DEBUG o.s.test.context.web.ServletTestExecutionListener -
				Setting up MockHttpServletRequest, MockHttpServletResponse, ServletWebRequest, and RequestContextHolder for test context [DefaultTestContext@1ddc889b testClass = LDAPTest, testInstance = com.taoyuanx.test.LDAPTest@67372d20, testMethod = [null], testException = [null], mergedContextConfiguration = [WebMergedContextConfiguration@5ec3689b testClass = LDAPTest, locations = '{}', classes = '{class nudt.web.AppServerApplication, class nudt.web.AppServerApplication}', contextInitializerClasses = '[]', activeProfiles = '{}', propertySourceLocations = '{}', propertySourceProperties = '{org.springframework.boot.test.context.SpringBootTestContextBootstrapper=true}', contextCustomizers = set[org.springframework.boot.test.context.SpringBootTestContextCustomizer@3b2c72c2, org.springframework.boot.test.context.filter.ExcludeFilterContextCustomizer@971d0d8, org.springframework.boot.test.json.DuplicateJsonObjectContextCustomizerFactory$DuplicateJsonObjectContextCustomizer@564718df, org.springframework.boot.test.mock.mockito.MockitoContextCustomizer@0, org.springframework.boot.test.autoconfigure.properties.PropertyMappingContextCustomizer@0, org.springframework.boot.test.autoconfigure.web.servlet.WebDriverContextCustomizerFactory$Customizer@5d47c63f], resourceBasePath = 'src/main/webapp', contextLoader = 'org.springframework.boot.test.context.SpringBootContextLoader', parent = [null]]].
2020-05-14 09:41:46.987 [main] DEBUG o.s.t.c.s.DependencyInjectionTestExecutionListener -
				Performing dependency injection for test context [[DefaultTestContext@1ddc889b testClass = LDAPTest, testInstance = com.taoyuanx.test.LDAPTest@67372d20, testMethod = [null], testException = [null], mergedContextConfiguration = [WebMergedContextConfiguration@5ec3689b testClass = LDAPTest, locations = '{}', classes = '{class nudt.web.AppServerApplication, class nudt.web.AppServerApplication}', contextInitializerClasses = '[]', activeProfiles = '{}', propertySourceLocations = '{}', propertySourceProperties = '{org.springframework.boot.test.context.SpringBootTestContextBootstrapper=true}', contextCustomizers = set[org.springframework.boot.test.context.SpringBootTestContextCustomizer@3b2c72c2, org.springframework.boot.test.context.filter.ExcludeFilterContextCustomizer@971d0d8, org.springframework.boot.test.json.DuplicateJsonObjectContextCustomizerFactory$DuplicateJsonObjectContextCustomizer@564718df, org.springframework.boot.test.mock.mockito.MockitoContextCustomizer@0, org.springframework.boot.test.autoconfigure.properties.PropertyMappingContextCustomizer@0, org.springframework.boot.test.autoconfigure.web.servlet.WebDriverContextCustomizerFactory$Customizer@5d47c63f], resourceBasePath = 'src/main/webapp', contextLoader = 'org.springframework.boot.test.context.SpringBootContextLoader', parent = [null]]]].
2020-05-14 09:41:46.987 [main] DEBUG o.s.t.c.c.DefaultCacheAwareContextLoaderDelegate -
				Retrieved ApplicationContext from cache with key [[WebMergedContextConfiguration@5ec3689b testClass = LDAPTest, locations = '{}', classes = '{class nudt.web.AppServerApplication, class nudt.web.AppServerApplication}', contextInitializerClasses = '[]', activeProfiles = '{}', propertySourceLocations = '{}', propertySourceProperties = '{org.springframework.boot.test.context.SpringBootTestContextBootstrapper=true}', contextCustomizers = set[org.springframework.boot.test.context.SpringBootTestContextCustomizer@3b2c72c2, org.springframework.boot.test.context.filter.ExcludeFilterContextCustomizer@971d0d8, org.springframework.boot.test.json.DuplicateJsonObjectContextCustomizerFactory$DuplicateJsonObjectContextCustomizer@564718df, org.springframework.boot.test.mock.mockito.MockitoContextCustomizer@0, org.springframework.boot.test.autoconfigure.properties.PropertyMappingContextCustomizer@0, org.springframework.boot.test.autoconfigure.web.servlet.WebDriverContextCustomizerFactory$Customizer@5d47c63f], resourceBasePath = 'src/main/webapp', contextLoader = 'org.springframework.boot.test.context.SpringBootContextLoader', parent = [null]]]
2020-05-14 09:41:46.987 [main] DEBUG org.springframework.test.context.cache -
				Spring test ApplicationContext cache statistics: [DefaultContextCache@5f8d4b51 size = 1, maxSize = 32, parentContextCount = 0, hitCount = 81, missCount = 1]
2020-05-14 09:41:46.988 [main] DEBUG o.s.beans.factory.annotation.InjectionMetadata -
				Processing injected element of bean 'com.taoyuanx.test.LDAPTest': AutowiredFieldElement for org.springframework.context.ApplicationContext com.taoyuanx.test.LDAPTest.ioc
2020-05-14 09:41:46.988 [main] DEBUG o.s.beans.factory.annotation.InjectionMetadata -
				Processing injected element of bean 'com.taoyuanx.test.LDAPTest': AutowiredFieldElement for org.springframework.ldap.core.LdapTemplate com.taoyuanx.test.LDAPTest.ldapTemplate
2020-05-14 09:41:46.988 [main] DEBUG o.s.b.factory.support.DefaultListableBeanFactory -
				Returning cached instance of singleton bean 'ldapTemplate'
2020-05-14 09:41:46.988 [main] DEBUG o.s.beans.factory.annotation.InjectionMetadata -
				Processing injected element of bean 'com.taoyuanx.test.LDAPTest': AutowiredFieldElement for nudt.web.service.CertService com.taoyuanx.test.LDAPTest.certService
2020-05-14 09:41:46.988 [main] DEBUG o.s.b.factory.support.DefaultListableBeanFactory -
				Returning cached instance of singleton bean 'certServiceImpl'
2020-05-14 09:41:46.988 [main] DEBUG o.s.t.c.s.AbstractDirtiesContextTestExecutionListener -
				Before test method: context [DefaultTestContext@1ddc889b testClass = LDAPTest, testInstance = com.taoyuanx.test.LDAPTest@67372d20, testMethod = Add2@LDAPTest, testException = [null], mergedContextConfiguration = [WebMergedContextConfiguration@5ec3689b testClass = LDAPTest, locations = '{}', classes = '{class nudt.web.AppServerApplication, class nudt.web.AppServerApplication}', contextInitializerClasses = '[]', activeProfiles = '{}', propertySourceLocations = '{}', propertySourceProperties = '{org.springframework.boot.test.context.SpringBootTestContextBootstrapper=true}', contextCustomizers = set[org.springframework.boot.test.context.SpringBootTestContextCustomizer@3b2c72c2, org.springframework.boot.test.context.filter.ExcludeFilterContextCustomizer@971d0d8, org.springframework.boot.test.json.DuplicateJsonObjectContextCustomizerFactory$DuplicateJsonObjectContextCustomizer@564718df, org.springframework.boot.test.mock.mockito.MockitoContextCustomizer@0, org.springframework.boot.test.autoconfigure.properties.PropertyMappingContextCustomizer@0, org.springframework.boot.test.autoconfigure.web.servlet.WebDriverContextCustomizerFactory$Customizer@5d47c63f], resourceBasePath = 'src/main/webapp', contextLoader = 'org.springframework.boot.test.context.SpringBootContextLoader', parent = [null]]], class annotated with @DirtiesContext [false] with mode [null], method annotated with @DirtiesContext [false] with mode [null].
2020-05-14 09:41:46.989 [main] DEBUG o.s.t.c.c.DefaultCacheAwareContextLoaderDelegate -
				Retrieved ApplicationContext from cache with key [[WebMergedContextConfiguration@5ec3689b testClass = LDAPTest, locations = '{}', classes = '{class nudt.web.AppServerApplication, class nudt.web.AppServerApplication}', contextInitializerClasses = '[]', activeProfiles = '{}', propertySourceLocations = '{}', propertySourceProperties = '{org.springframework.boot.test.context.SpringBootTestContextBootstrapper=true}', contextCustomizers = set[org.springframework.boot.test.context.SpringBootTestContextCustomizer@3b2c72c2, org.springframework.boot.test.context.filter.ExcludeFilterContextCustomizer@971d0d8, org.springframework.boot.test.json.DuplicateJsonObjectContextCustomizerFactory$DuplicateJsonObjectContextCustomizer@564718df, org.springframework.boot.test.mock.mockito.MockitoContextCustomizer@0, org.springframework.boot.test.autoconfigure.properties.PropertyMappingContextCustomizer@0, org.springframework.boot.test.autoconfigure.web.servlet.WebDriverContextCustomizerFactory$Customizer@5d47c63f], resourceBasePath = 'src/main/webapp', contextLoader = 'org.springframework.boot.test.context.SpringBootContextLoader', parent = [null]]]
2020-05-14 09:41:46.989 [main] DEBUG org.springframework.test.context.cache -
				Spring test ApplicationContext cache statistics: [DefaultContextCache@5f8d4b51 size = 1, maxSize = 32, parentContextCount = 0, hitCount = 82, missCount = 1]
2020-05-14 09:41:46.989 [main] DEBUG o.s.b.factory.support.DefaultListableBeanFactory -
				Returning cached instance of singleton bean 'org.springframework.boot.test.mock.mockito.MockitoBeans'
2020-05-14 09:41:46.993 [main] DEBUG o.s.ldap.core.support.AbstractContextSource -
				Got Ldap context on server 'ldap://172.20.10.9:389/dc=zfc,dc=com'
2020-05-14 09:41:46.995 [main] DEBUG o.s.t.c.c.DefaultCacheAwareContextLoaderDelegate -
				Retrieved ApplicationContext from cache with key [[WebMergedContextConfiguration@5ec3689b testClass = LDAPTest, locations = '{}', classes = '{class nudt.web.AppServerApplication, class nudt.web.AppServerApplication}', contextInitializerClasses = '[]', activeProfiles = '{}', propertySourceLocations = '{}', propertySourceProperties = '{org.springframework.boot.test.context.SpringBootTestContextBootstrapper=true}', contextCustomizers = set[org.springframework.boot.test.context.SpringBootTestContextCustomizer@3b2c72c2, org.springframework.boot.test.context.filter.ExcludeFilterContextCustomizer@971d0d8, org.springframework.boot.test.json.DuplicateJsonObjectContextCustomizerFactory$DuplicateJsonObjectContextCustomizer@564718df, org.springframework.boot.test.mock.mockito.MockitoContextCustomizer@0, org.springframework.boot.test.autoconfigure.properties.PropertyMappingContextCustomizer@0, org.springframework.boot.test.autoconfigure.web.servlet.WebDriverContextCustomizerFactory$Customizer@5d47c63f], resourceBasePath = 'src/main/webapp', contextLoader = 'org.springframework.boot.test.context.SpringBootContextLoader', parent = [null]]]
2020-05-14 09:41:46.995 [main] DEBUG org.springframework.test.context.cache -
				Spring test ApplicationContext cache statistics: [DefaultContextCache@5f8d4b51 size = 1, maxSize = 32, parentContextCount = 0, hitCount = 83, missCount = 1]
2020-05-14 09:41:46.996 [main] DEBUG o.s.t.c.c.DefaultCacheAwareContextLoaderDelegate -
				Retrieved ApplicationContext from cache with key [[WebMergedContextConfiguration@5ec3689b testClass = LDAPTest, locations = '{}', classes = '{class nudt.web.AppServerApplication, class nudt.web.AppServerApplication}', contextInitializerClasses = '[]', activeProfiles = '{}', propertySourceLocations = '{}', propertySourceProperties = '{org.springframework.boot.test.context.SpringBootTestContextBootstrapper=true}', contextCustomizers = set[org.springframework.boot.test.context.SpringBootTestContextCustomizer@3b2c72c2, org.springframework.boot.test.context.filter.ExcludeFilterContextCustomizer@971d0d8, org.springframework.boot.test.json.DuplicateJsonObjectContextCustomizerFactory$DuplicateJsonObjectContextCustomizer@564718df, org.springframework.boot.test.mock.mockito.MockitoContextCustomizer@0, org.springframework.boot.test.autoconfigure.properties.PropertyMappingContextCustomizer@0, org.springframework.boot.test.autoconfigure.web.servlet.WebDriverContextCustomizerFactory$Customizer@5d47c63f], resourceBasePath = 'src/main/webapp', contextLoader = 'org.springframework.boot.test.context.SpringBootContextLoader', parent = [null]]]
2020-05-14 09:41:46.996 [main] DEBUG org.springframework.test.context.cache -
				Spring test ApplicationContext cache statistics: [DefaultContextCache@5f8d4b51 size = 1, maxSize = 32, parentContextCount = 0, hitCount = 84, missCount = 1]
2020-05-14 09:41:46.996 [main] DEBUG o.s.t.c.c.DefaultCacheAwareContextLoaderDelegate -
				Retrieved ApplicationContext from cache with key [[WebMergedContextConfiguration@5ec3689b testClass = LDAPTest, locations = '{}', classes = '{class nudt.web.AppServerApplication, class nudt.web.AppServerApplication}', contextInitializerClasses = '[]', activeProfiles = '{}', propertySourceLocations = '{}', propertySourceProperties = '{org.springframework.boot.test.context.SpringBootTestContextBootstrapper=true}', contextCustomizers = set[org.springframework.boot.test.context.SpringBootTestContextCustomizer@3b2c72c2, org.springframework.boot.test.context.filter.ExcludeFilterContextCustomizer@971d0d8, org.springframework.boot.test.json.DuplicateJsonObjectContextCustomizerFactory$DuplicateJsonObjectContextCustomizer@564718df, org.springframework.boot.test.mock.mockito.MockitoContextCustomizer@0, org.springframework.boot.test.autoconfigure.properties.PropertyMappingContextCustomizer@0, org.springframework.boot.test.autoconfigure.web.servlet.WebDriverContextCustomizerFactory$Customizer@5d47c63f], resourceBasePath = 'src/main/webapp', contextLoader = 'org.springframework.boot.test.context.SpringBootContextLoader', parent = [null]]]
2020-05-14 09:41:46.996 [main] DEBUG org.springframework.test.context.cache -
				Spring test ApplicationContext cache statistics: [DefaultContextCache@5f8d4b51 size = 1, maxSize = 32, parentContextCount = 0, hitCount = 85, missCount = 1]
2020-05-14 09:41:46.998 [main] DEBUG o.s.t.c.c.DefaultCacheAwareContextLoaderDelegate -
				Retrieved ApplicationContext from cache with key [[WebMergedContextConfiguration@5ec3689b testClass = LDAPTest, locations = '{}', classes = '{class nudt.web.AppServerApplication, class nudt.web.AppServerApplication}', contextInitializerClasses = '[]', activeProfiles = '{}', propertySourceLocations = '{}', propertySourceProperties = '{org.springframework.boot.test.context.SpringBootTestContextBootstrapper=true}', contextCustomizers = set[org.springframework.boot.test.context.SpringBootTestContextCustomizer@3b2c72c2, org.springframework.boot.test.context.filter.ExcludeFilterContextCustomizer@971d0d8, org.springframework.boot.test.json.DuplicateJsonObjectContextCustomizerFactory$DuplicateJsonObjectContextCustomizer@564718df, org.springframework.boot.test.mock.mockito.MockitoContextCustomizer@0, org.springframework.boot.test.autoconfigure.properties.PropertyMappingContextCustomizer@0, org.springframework.boot.test.autoconfigure.web.servlet.WebDriverContextCustomizerFactory$Customizer@5d47c63f], resourceBasePath = 'src/main/webapp', contextLoader = 'org.springframework.boot.test.context.SpringBootContextLoader', parent = [null]]]
2020-05-14 09:41:46.998 [main] DEBUG org.springframework.test.context.cache -
				Spring test ApplicationContext cache statistics: [DefaultContextCache@5f8d4b51 size = 1, maxSize = 32, parentContextCount = 0, hitCount = 86, missCount = 1]
2020-05-14 09:41:46.999 [main] DEBUG o.s.b.factory.support.DefaultListableBeanFactory -
				Returning cached instance of singleton bean 'org.springframework.boot.test.mock.mockito.MockitoBeans'
2020-05-14 09:41:46.999 [main] DEBUG o.s.t.c.s.AbstractDirtiesContextTestExecutionListener -
				After test method: context [DefaultTestContext@1ddc889b testClass = LDAPTest, testInstance = com.taoyuanx.test.LDAPTest@67372d20, testMethod = Add2@LDAPTest, testException = org.springframework.ldap.NameAlreadyBoundException: [LDAP: error code 68 - Entry Already Exists]; nested exception is javax.naming.NameAlreadyBoundException: [LDAP: error code 68 - Entry Already Exists]; remaining name 'ou=Ant Forest,ou=taobao', mergedContextConfiguration = [WebMergedContextConfiguration@5ec3689b testClass = LDAPTest, locations = '{}', classes = '{class nudt.web.AppServerApplication, class nudt.web.AppServerApplication}', contextInitializerClasses = '[]', activeProfiles = '{}', propertySourceLocations = '{}', propertySourceProperties = '{org.springframework.boot.test.context.SpringBootTestContextBootstrapper=true}', contextCustomizers = set[org.springframework.boot.test.context.SpringBootTestContextCustomizer@3b2c72c2, org.springframework.boot.test.context.filter.ExcludeFilterContextCustomizer@971d0d8, org.springframework.boot.test.json.DuplicateJsonObjectContextCustomizerFactory$DuplicateJsonObjectContextCustomizer@564718df, org.springframework.boot.test.mock.mockito.MockitoContextCustomizer@0, org.springframework.boot.test.autoconfigure.properties.PropertyMappingContextCustomizer@0, org.springframework.boot.test.autoconfigure.web.servlet.WebDriverContextCustomizerFactory$Customizer@5d47c63f], resourceBasePath = 'src/main/webapp', contextLoader = 'org.springframework.boot.test.context.SpringBootContextLoader', parent = [null]]], class annotated with @DirtiesContext [false] with mode [null], method annotated with @DirtiesContext [false] with mode [null].
2020-05-14 09:41:46.999 [main] DEBUG o.s.test.context.web.ServletTestExecutionListener -
				Resetting RequestContextHolder for test context [DefaultTestContext@1ddc889b testClass = LDAPTest, testInstance = com.taoyuanx.test.LDAPTest@67372d20, testMethod = Add2@LDAPTest, testException = org.springframework.ldap.NameAlreadyBoundException: [LDAP: error code 68 - Entry Already Exists]; nested exception is javax.naming.NameAlreadyBoundException: [LDAP: error code 68 - Entry Already Exists]; remaining name 'ou=Ant Forest,ou=taobao', mergedContextConfiguration = [WebMergedContextConfiguration@5ec3689b testClass = LDAPTest, locations = '{}', classes = '{class nudt.web.AppServerApplication, class nudt.web.AppServerApplication}', contextInitializerClasses = '[]', activeProfiles = '{}', propertySourceLocations = '{}', propertySourceProperties = '{org.springframework.boot.test.context.SpringBootTestContextBootstrapper=true}', contextCustomizers = set[org.springframework.boot.test.context.SpringBootTestContextCustomizer@3b2c72c2, org.springframework.boot.test.context.filter.ExcludeFilterContextCustomizer@971d0d8, org.springframework.boot.test.json.DuplicateJsonObjectContextCustomizerFactory$DuplicateJsonObjectContextCustomizer@564718df, org.springframework.boot.test.mock.mockito.MockitoContextCustomizer@0, org.springframework.boot.test.autoconfigure.properties.PropertyMappingContextCustomizer@0, org.springframework.boot.test.autoconfigure.web.servlet.WebDriverContextCustomizerFactory$Customizer@5d47c63f], resourceBasePath = 'src/main/webapp', contextLoader = 'org.springframework.boot.test.context.SpringBootContextLoader', parent = [null]]].
]]></system-out>
  </testcase>
  <testcase name="testConnect" classname="com.taoyuanx.test.LDAPTest" time="0.028"/>
  <testcase name="testUnBind" classname="com.taoyuanx.test.LDAPTest" time="0.047"/>
  <testcase name="findByPrimaryKey" classname="com.taoyuanx.test.LDAPTest" time="0.037">
    <error message="[LDAP: error code 32 - No Such Object]; nested exception is javax.naming.NameNotFoundException: [LDAP: error code 32 - No Such Object]; remaining name &apos;ou=Ant Forest,ou=taobao&apos;" type="org.springframework.ldap.NameNotFoundException">org.springframework.ldap.NameNotFoundException: [LDAP: error code 32 - No Such Object]; nested exception is javax.naming.NameNotFoundException: [LDAP: error code 32 - No Such Object]; remaining name 'ou=Ant Forest,ou=taobao'
	at com.taoyuanx.test.LDAPTest.findByPrimaryKey(LDAPTest.java:324)
Caused by: javax.naming.NameNotFoundException: [LDAP: error code 32 - No Such Object]
	at com.taoyuanx.test.LDAPTest.findByPrimaryKey(LDAPTest.java:324)
</error>
    <system-out><![CDATA[2020-05-14 09:41:47.021 [main] DEBUG o.s.test.annotation.ProfileValueUtils -
				Retrieved @ProfileValueSourceConfiguration [null] for test class [com.taoyuanx.test.LDAPTest]
2020-05-14 09:41:47.021 [main] DEBUG o.s.test.annotation.ProfileValueUtils -
				Retrieved ProfileValueSource type [class org.springframework.test.annotation.SystemProfileValueSource] for class [com.taoyuanx.test.LDAPTest]
2020-05-14 09:41:47.022 [main] DEBUG o.s.t.c.c.DefaultCacheAwareContextLoaderDelegate -
				Retrieved ApplicationContext from cache with key [[WebMergedContextConfiguration@5ec3689b testClass = LDAPTest, locations = '{}', classes = '{class nudt.web.AppServerApplication, class nudt.web.AppServerApplication}', contextInitializerClasses = '[]', activeProfiles = '{}', propertySourceLocations = '{}', propertySourceProperties = '{org.springframework.boot.test.context.SpringBootTestContextBootstrapper=true}', contextCustomizers = set[org.springframework.boot.test.context.SpringBootTestContextCustomizer@3b2c72c2, org.springframework.boot.test.context.filter.ExcludeFilterContextCustomizer@971d0d8, org.springframework.boot.test.json.DuplicateJsonObjectContextCustomizerFactory$DuplicateJsonObjectContextCustomizer@564718df, org.springframework.boot.test.mock.mockito.MockitoContextCustomizer@0, org.springframework.boot.test.autoconfigure.properties.PropertyMappingContextCustomizer@0, org.springframework.boot.test.autoconfigure.web.servlet.WebDriverContextCustomizerFactory$Customizer@5d47c63f], resourceBasePath = 'src/main/webapp', contextLoader = 'org.springframework.boot.test.context.SpringBootContextLoader', parent = [null]]]
2020-05-14 09:41:47.022 [main] DEBUG org.springframework.test.context.cache -
				Spring test ApplicationContext cache statistics: [DefaultContextCache@5f8d4b51 size = 1, maxSize = 32, parentContextCount = 0, hitCount = 99, missCount = 1]
2020-05-14 09:41:47.022 [main] DEBUG o.s.test.context.web.ServletTestExecutionListener -
				Setting up MockHttpServletRequest, MockHttpServletResponse, ServletWebRequest, and RequestContextHolder for test context [DefaultTestContext@1ddc889b testClass = LDAPTest, testInstance = com.taoyuanx.test.LDAPTest@14d513ca, testMethod = [null], testException = [null], mergedContextConfiguration = [WebMergedContextConfiguration@5ec3689b testClass = LDAPTest, locations = '{}', classes = '{class nudt.web.AppServerApplication, class nudt.web.AppServerApplication}', contextInitializerClasses = '[]', activeProfiles = '{}', propertySourceLocations = '{}', propertySourceProperties = '{org.springframework.boot.test.context.SpringBootTestContextBootstrapper=true}', contextCustomizers = set[org.springframework.boot.test.context.SpringBootTestContextCustomizer@3b2c72c2, org.springframework.boot.test.context.filter.ExcludeFilterContextCustomizer@971d0d8, org.springframework.boot.test.json.DuplicateJsonObjectContextCustomizerFactory$DuplicateJsonObjectContextCustomizer@564718df, org.springframework.boot.test.mock.mockito.MockitoContextCustomizer@0, org.springframework.boot.test.autoconfigure.properties.PropertyMappingContextCustomizer@0, org.springframework.boot.test.autoconfigure.web.servlet.WebDriverContextCustomizerFactory$Customizer@5d47c63f], resourceBasePath = 'src/main/webapp', contextLoader = 'org.springframework.boot.test.context.SpringBootContextLoader', parent = [null]]].
2020-05-14 09:41:47.022 [main] DEBUG o.s.t.c.s.DependencyInjectionTestExecutionListener -
				Performing dependency injection for test context [[DefaultTestContext@1ddc889b testClass = LDAPTest, testInstance = com.taoyuanx.test.LDAPTest@14d513ca, testMethod = [null], testException = [null], mergedContextConfiguration = [WebMergedContextConfiguration@5ec3689b testClass = LDAPTest, locations = '{}', classes = '{class nudt.web.AppServerApplication, class nudt.web.AppServerApplication}', contextInitializerClasses = '[]', activeProfiles = '{}', propertySourceLocations = '{}', propertySourceProperties = '{org.springframework.boot.test.context.SpringBootTestContextBootstrapper=true}', contextCustomizers = set[org.springframework.boot.test.context.SpringBootTestContextCustomizer@3b2c72c2, org.springframework.boot.test.context.filter.ExcludeFilterContextCustomizer@971d0d8, org.springframework.boot.test.json.DuplicateJsonObjectContextCustomizerFactory$DuplicateJsonObjectContextCustomizer@564718df, org.springframework.boot.test.mock.mockito.MockitoContextCustomizer@0, org.springframework.boot.test.autoconfigure.properties.PropertyMappingContextCustomizer@0, org.springframework.boot.test.autoconfigure.web.servlet.WebDriverContextCustomizerFactory$Customizer@5d47c63f], resourceBasePath = 'src/main/webapp', contextLoader = 'org.springframework.boot.test.context.SpringBootContextLoader', parent = [null]]]].
2020-05-14 09:41:47.022 [main] DEBUG o.s.t.c.c.DefaultCacheAwareContextLoaderDelegate -
				Retrieved ApplicationContext from cache with key [[WebMergedContextConfiguration@5ec3689b testClass = LDAPTest, locations = '{}', classes = '{class nudt.web.AppServerApplication, class nudt.web.AppServerApplication}', contextInitializerClasses = '[]', activeProfiles = '{}', propertySourceLocations = '{}', propertySourceProperties = '{org.springframework.boot.test.context.SpringBootTestContextBootstrapper=true}', contextCustomizers = set[org.springframework.boot.test.context.SpringBootTestContextCustomizer@3b2c72c2, org.springframework.boot.test.context.filter.ExcludeFilterContextCustomizer@971d0d8, org.springframework.boot.test.json.DuplicateJsonObjectContextCustomizerFactory$DuplicateJsonObjectContextCustomizer@564718df, org.springframework.boot.test.mock.mockito.MockitoContextCustomizer@0, org.springframework.boot.test.autoconfigure.properties.PropertyMappingContextCustomizer@0, org.springframework.boot.test.autoconfigure.web.servlet.WebDriverContextCustomizerFactory$Customizer@5d47c63f], resourceBasePath = 'src/main/webapp', contextLoader = 'org.springframework.boot.test.context.SpringBootContextLoader', parent = [null]]]
2020-05-14 09:41:47.022 [main] DEBUG org.springframework.test.context.cache -
				Spring test ApplicationContext cache statistics: [DefaultContextCache@5f8d4b51 size = 1, maxSize = 32, parentContextCount = 0, hitCount = 100, missCount = 1]
2020-05-14 09:41:47.022 [main] DEBUG o.s.beans.factory.annotation.InjectionMetadata -
				Processing injected element of bean 'com.taoyuanx.test.LDAPTest': AutowiredFieldElement for org.springframework.context.ApplicationContext com.taoyuanx.test.LDAPTest.ioc
2020-05-14 09:41:47.022 [main] DEBUG o.s.beans.factory.annotation.InjectionMetadata -
				Processing injected element of bean 'com.taoyuanx.test.LDAPTest': AutowiredFieldElement for org.springframework.ldap.core.LdapTemplate com.taoyuanx.test.LDAPTest.ldapTemplate
2020-05-14 09:41:47.022 [main] DEBUG o.s.b.factory.support.DefaultListableBeanFactory -
				Returning cached instance of singleton bean 'ldapTemplate'
2020-05-14 09:41:47.022 [main] DEBUG o.s.beans.factory.annotation.InjectionMetadata -
				Processing injected element of bean 'com.taoyuanx.test.LDAPTest': AutowiredFieldElement for nudt.web.service.CertService com.taoyuanx.test.LDAPTest.certService
2020-05-14 09:41:47.022 [main] DEBUG o.s.b.factory.support.DefaultListableBeanFactory -
				Returning cached instance of singleton bean 'certServiceImpl'
2020-05-14 09:41:47.023 [main] DEBUG o.s.t.c.s.AbstractDirtiesContextTestExecutionListener -
				Before test method: context [DefaultTestContext@1ddc889b testClass = LDAPTest, testInstance = com.taoyuanx.test.LDAPTest@14d513ca, testMethod = findByPrimaryKey@LDAPTest, testException = [null], mergedContextConfiguration = [WebMergedContextConfiguration@5ec3689b testClass = LDAPTest, locations = '{}', classes = '{class nudt.web.AppServerApplication, class nudt.web.AppServerApplication}', contextInitializerClasses = '[]', activeProfiles = '{}', propertySourceLocations = '{}', propertySourceProperties = '{org.springframework.boot.test.context.SpringBootTestContextBootstrapper=true}', contextCustomizers = set[org.springframework.boot.test.context.SpringBootTestContextCustomizer@3b2c72c2, org.springframework.boot.test.context.filter.ExcludeFilterContextCustomizer@971d0d8, org.springframework.boot.test.json.DuplicateJsonObjectContextCustomizerFactory$DuplicateJsonObjectContextCustomizer@564718df, org.springframework.boot.test.mock.mockito.MockitoContextCustomizer@0, org.springframework.boot.test.autoconfigure.properties.PropertyMappingContextCustomizer@0, org.springframework.boot.test.autoconfigure.web.servlet.WebDriverContextCustomizerFactory$Customizer@5d47c63f], resourceBasePath = 'src/main/webapp', contextLoader = 'org.springframework.boot.test.context.SpringBootContextLoader', parent = [null]]], class annotated with @DirtiesContext [false] with mode [null], method annotated with @DirtiesContext [false] with mode [null].
2020-05-14 09:41:47.023 [main] DEBUG o.s.t.c.c.DefaultCacheAwareContextLoaderDelegate -
				Retrieved ApplicationContext from cache with key [[WebMergedContextConfiguration@5ec3689b testClass = LDAPTest, locations = '{}', classes = '{class nudt.web.AppServerApplication, class nudt.web.AppServerApplication}', contextInitializerClasses = '[]', activeProfiles = '{}', propertySourceLocations = '{}', propertySourceProperties = '{org.springframework.boot.test.context.SpringBootTestContextBootstrapper=true}', contextCustomizers = set[org.springframework.boot.test.context.SpringBootTestContextCustomizer@3b2c72c2, org.springframework.boot.test.context.filter.ExcludeFilterContextCustomizer@971d0d8, org.springframework.boot.test.json.DuplicateJsonObjectContextCustomizerFactory$DuplicateJsonObjectContextCustomizer@564718df, org.springframework.boot.test.mock.mockito.MockitoContextCustomizer@0, org.springframework.boot.test.autoconfigure.properties.PropertyMappingContextCustomizer@0, org.springframework.boot.test.autoconfigure.web.servlet.WebDriverContextCustomizerFactory$Customizer@5d47c63f], resourceBasePath = 'src/main/webapp', contextLoader = 'org.springframework.boot.test.context.SpringBootContextLoader', parent = [null]]]
2020-05-14 09:41:47.023 [main] DEBUG org.springframework.test.context.cache -
				Spring test ApplicationContext cache statistics: [DefaultContextCache@5f8d4b51 size = 1, maxSize = 32, parentContextCount = 0, hitCount = 101, missCount = 1]
2020-05-14 09:41:47.024 [main] DEBUG o.s.b.factory.support.DefaultListableBeanFactory -
				Returning cached instance of singleton bean 'org.springframework.boot.test.mock.mockito.MockitoBeans'
2020-05-14 09:41:47.051 [main] DEBUG o.s.ldap.core.support.AbstractContextSource -
				Got Ldap context on server 'ldap://172.20.10.9:389/dc=zfc,dc=com'
2020-05-14 09:41:47.054 [main] DEBUG o.s.t.c.c.DefaultCacheAwareContextLoaderDelegate -
				Retrieved ApplicationContext from cache with key [[WebMergedContextConfiguration@5ec3689b testClass = LDAPTest, locations = '{}', classes = '{class nudt.web.AppServerApplication, class nudt.web.AppServerApplication}', contextInitializerClasses = '[]', activeProfiles = '{}', propertySourceLocations = '{}', propertySourceProperties = '{org.springframework.boot.test.context.SpringBootTestContextBootstrapper=true}', contextCustomizers = set[org.springframework.boot.test.context.SpringBootTestContextCustomizer@3b2c72c2, org.springframework.boot.test.context.filter.ExcludeFilterContextCustomizer@971d0d8, org.springframework.boot.test.json.DuplicateJsonObjectContextCustomizerFactory$DuplicateJsonObjectContextCustomizer@564718df, org.springframework.boot.test.mock.mockito.MockitoContextCustomizer@0, org.springframework.boot.test.autoconfigure.properties.PropertyMappingContextCustomizer@0, org.springframework.boot.test.autoconfigure.web.servlet.WebDriverContextCustomizerFactory$Customizer@5d47c63f], resourceBasePath = 'src/main/webapp', contextLoader = 'org.springframework.boot.test.context.SpringBootContextLoader', parent = [null]]]
2020-05-14 09:41:47.054 [main] DEBUG org.springframework.test.context.cache -
				Spring test ApplicationContext cache statistics: [DefaultContextCache@5f8d4b51 size = 1, maxSize = 32, parentContextCount = 0, hitCount = 102, missCount = 1]
2020-05-14 09:41:47.054 [main] DEBUG o.s.t.c.c.DefaultCacheAwareContextLoaderDelegate -
				Retrieved ApplicationContext from cache with key [[WebMergedContextConfiguration@5ec3689b testClass = LDAPTest, locations = '{}', classes = '{class nudt.web.AppServerApplication, class nudt.web.AppServerApplication}', contextInitializerClasses = '[]', activeProfiles = '{}', propertySourceLocations = '{}', propertySourceProperties = '{org.springframework.boot.test.context.SpringBootTestContextBootstrapper=true}', contextCustomizers = set[org.springframework.boot.test.context.SpringBootTestContextCustomizer@3b2c72c2, org.springframework.boot.test.context.filter.ExcludeFilterContextCustomizer@971d0d8, org.springframework.boot.test.json.DuplicateJsonObjectContextCustomizerFactory$DuplicateJsonObjectContextCustomizer@564718df, org.springframework.boot.test.mock.mockito.MockitoContextCustomizer@0, org.springframework.boot.test.autoconfigure.properties.PropertyMappingContextCustomizer@0, org.springframework.boot.test.autoconfigure.web.servlet.WebDriverContextCustomizerFactory$Customizer@5d47c63f], resourceBasePath = 'src/main/webapp', contextLoader = 'org.springframework.boot.test.context.SpringBootContextLoader', parent = [null]]]
2020-05-14 09:41:47.054 [main] DEBUG org.springframework.test.context.cache -
				Spring test ApplicationContext cache statistics: [DefaultContextCache@5f8d4b51 size = 1, maxSize = 32, parentContextCount = 0, hitCount = 103, missCount = 1]
2020-05-14 09:41:47.055 [main] DEBUG o.s.t.c.c.DefaultCacheAwareContextLoaderDelegate -
				Retrieved ApplicationContext from cache with key [[WebMergedContextConfiguration@5ec3689b testClass = LDAPTest, locations = '{}', classes = '{class nudt.web.AppServerApplication, class nudt.web.AppServerApplication}', contextInitializerClasses = '[]', activeProfiles = '{}', propertySourceLocations = '{}', propertySourceProperties = '{org.springframework.boot.test.context.SpringBootTestContextBootstrapper=true}', contextCustomizers = set[org.springframework.boot.test.context.SpringBootTestContextCustomizer@3b2c72c2, org.springframework.boot.test.context.filter.ExcludeFilterContextCustomizer@971d0d8, org.springframework.boot.test.json.DuplicateJsonObjectContextCustomizerFactory$DuplicateJsonObjectContextCustomizer@564718df, org.springframework.boot.test.mock.mockito.MockitoContextCustomizer@0, org.springframework.boot.test.autoconfigure.properties.PropertyMappingContextCustomizer@0, org.springframework.boot.test.autoconfigure.web.servlet.WebDriverContextCustomizerFactory$Customizer@5d47c63f], resourceBasePath = 'src/main/webapp', contextLoader = 'org.springframework.boot.test.context.SpringBootContextLoader', parent = [null]]]
2020-05-14 09:41:47.055 [main] DEBUG org.springframework.test.context.cache -
				Spring test ApplicationContext cache statistics: [DefaultContextCache@5f8d4b51 size = 1, maxSize = 32, parentContextCount = 0, hitCount = 104, missCount = 1]
2020-05-14 09:41:47.056 [main] DEBUG o.s.t.c.c.DefaultCacheAwareContextLoaderDelegate -
				Retrieved ApplicationContext from cache with key [[WebMergedContextConfiguration@5ec3689b testClass = LDAPTest, locations = '{}', classes = '{class nudt.web.AppServerApplication, class nudt.web.AppServerApplication}', contextInitializerClasses = '[]', activeProfiles = '{}', propertySourceLocations = '{}', propertySourceProperties = '{org.springframework.boot.test.context.SpringBootTestContextBootstrapper=true}', contextCustomizers = set[org.springframework.boot.test.context.SpringBootTestContextCustomizer@3b2c72c2, org.springframework.boot.test.context.filter.ExcludeFilterContextCustomizer@971d0d8, org.springframework.boot.test.json.DuplicateJsonObjectContextCustomizerFactory$DuplicateJsonObjectContextCustomizer@564718df, org.springframework.boot.test.mock.mockito.MockitoContextCustomizer@0, org.springframework.boot.test.autoconfigure.properties.PropertyMappingContextCustomizer@0, org.springframework.boot.test.autoconfigure.web.servlet.WebDriverContextCustomizerFactory$Customizer@5d47c63f], resourceBasePath = 'src/main/webapp', contextLoader = 'org.springframework.boot.test.context.SpringBootContextLoader', parent = [null]]]
2020-05-14 09:41:47.056 [main] DEBUG org.springframework.test.context.cache -
				Spring test ApplicationContext cache statistics: [DefaultContextCache@5f8d4b51 size = 1, maxSize = 32, parentContextCount = 0, hitCount = 105, missCount = 1]
2020-05-14 09:41:47.057 [main] DEBUG o.s.b.factory.support.DefaultListableBeanFactory -
				Returning cached instance of singleton bean 'org.springframework.boot.test.mock.mockito.MockitoBeans'
2020-05-14 09:41:47.058 [main] DEBUG o.s.t.c.s.AbstractDirtiesContextTestExecutionListener -
				After test method: context [DefaultTestContext@1ddc889b testClass = LDAPTest, testInstance = com.taoyuanx.test.LDAPTest@14d513ca, testMethod = findByPrimaryKey@LDAPTest, testException = org.springframework.ldap.NameNotFoundException: [LDAP: error code 32 - No Such Object]; nested exception is javax.naming.NameNotFoundException: [LDAP: error code 32 - No Such Object]; remaining name 'ou=Ant Forest,ou=taobao', mergedContextConfiguration = [WebMergedContextConfiguration@5ec3689b testClass = LDAPTest, locations = '{}', classes = '{class nudt.web.AppServerApplication, class nudt.web.AppServerApplication}', contextInitializerClasses = '[]', activeProfiles = '{}', propertySourceLocations = '{}', propertySourceProperties = '{org.springframework.boot.test.context.SpringBootTestContextBootstrapper=true}', contextCustomizers = set[org.springframework.boot.test.context.SpringBootTestContextCustomizer@3b2c72c2, org.springframework.boot.test.context.filter.ExcludeFilterContextCustomizer@971d0d8, org.springframework.boot.test.json.DuplicateJsonObjectContextCustomizerFactory$DuplicateJsonObjectContextCustomizer@564718df, org.springframework.boot.test.mock.mockito.MockitoContextCustomizer@0, org.springframework.boot.test.autoconfigure.properties.PropertyMappingContextCustomizer@0, org.springframework.boot.test.autoconfigure.web.servlet.WebDriverContextCustomizerFactory$Customizer@5d47c63f], resourceBasePath = 'src/main/webapp', contextLoader = 'org.springframework.boot.test.context.SpringBootContextLoader', parent = [null]]], class annotated with @DirtiesContext [false] with mode [null], method annotated with @DirtiesContext [false] with mode [null].
2020-05-14 09:41:47.058 [main] DEBUG o.s.test.context.web.ServletTestExecutionListener -
				Resetting RequestContextHolder for test context [DefaultTestContext@1ddc889b testClass = LDAPTest, testInstance = com.taoyuanx.test.LDAPTest@14d513ca, testMethod = findByPrimaryKey@LDAPTest, testException = org.springframework.ldap.NameNotFoundException: [LDAP: error code 32 - No Such Object]; nested exception is javax.naming.NameNotFoundException: [LDAP: error code 32 - No Such Object]; remaining name 'ou=Ant Forest,ou=taobao', mergedContextConfiguration = [WebMergedContextConfiguration@5ec3689b testClass = LDAPTest, locations = '{}', classes = '{class nudt.web.AppServerApplication, class nudt.web.AppServerApplication}', contextInitializerClasses = '[]', activeProfiles = '{}', propertySourceLocations = '{}', propertySourceProperties = '{org.springframework.boot.test.context.SpringBootTestContextBootstrapper=true}', contextCustomizers = set[org.springframework.boot.test.context.SpringBootTestContextCustomizer@3b2c72c2, org.springframework.boot.test.context.filter.ExcludeFilterContextCustomizer@971d0d8, org.springframework.boot.test.json.DuplicateJsonObjectContextCustomizerFactory$DuplicateJsonObjectContextCustomizer@564718df, org.springframework.boot.test.mock.mockito.MockitoContextCustomizer@0, org.springframework.boot.test.autoconfigure.properties.PropertyMappingContextCustomizer@0, org.springframework.boot.test.autoconfigure.web.servlet.WebDriverContextCustomizerFactory$Customizer@5d47c63f], resourceBasePath = 'src/main/webapp', contextLoader = 'org.springframework.boot.test.context.SpringBootContextLoader', parent = [null]]].
]]></system-out>
  </testcase>
</testsuite>